#
# There is insufficient memory for the Java Runtime Environment to continue.
# Native memory allocation (malloc) failed to allocate 1738256 bytes for Chunk::new
# Possible reasons:
#   The system is out of physical RAM or swap space
#   The process is running with CompressedOops enabled, and the Java Heap may be blocking the growth of the native heap
# Possible solutions:
#   Reduce memory load on the system
#   Increase physical memory or swap space
#   Check if swap backing store is full
#   Decrease Java heap size (-Xmx/-Xms)
#   Decrease number of Java threads
#   Decrease Java thread stack sizes (-Xss)
#   Set larger code cache with -XX:ReservedCodeCacheSize=
#   JVM is running with Unscaled Compressed Oops mode in which the Java heap is
#     placed in the first 4GB address space. The Java Heap base address is the
#     maximum limit for the native heap growth. Please use -XX:HeapBaseMinAddress
#     to set the Java Heap base and to place the Java Heap above 4GB virtual address.
# This output file may be truncated or incomplete.
#
#  Out of Memory Error (allocation.cpp:389), pid=13964, tid=0x00000000000012f4
#
# JRE version: OpenJDK Runtime Environment (8.0_242-b01) (build 1.8.0_242-release-1644-b01)
# Java VM: OpenJDK 64-Bit Server VM (25.242-b01 mixed mode windows-amd64 compressed oops)
# Failed to write core dump. Minidumps are not enabled by default on client versions of Windows
#

---------------  T H R E A D  ---------------

Current thread (0x0000000017596000):  JavaThread "C2 CompilerThread0" daemon [_thread_in_native, id=4852, stack(0x0000000017e60000,0x0000000017f60000)]

Stack: [0x0000000017e60000,0x0000000017f60000]
[error occurred during error reporting (printing stack bounds), id 0xc0000005]

Native frames: (J=compiled Java code, j=interpreted, Vv=VM code, C=native code)


Current CompileTask:
C2:   3908 2437       4       groovy.lang.MetaClassImpl$1MOPIter::methodNameAction (325 bytes)


---------------  P R O C E S S  ---------------

Java Threads: ( => current thread )
  0x000000001f313800 JavaThread "Cache worker for execution history cache (C:\Users\SHRIRAM G\.gradle\caches\5.4.1\executionHistory)" [_thread_blocked, id=11652, stack(0x0000000020ee0000,0x0000000020fe0000)]
  0x000000001f311800 JavaThread "Cache worker for cache directory md-rule (C:\Users\SHRIRAM G\.gradle\caches\5.4.1\md-rule)" [_thread_blocked, id=10280, stack(0x000000001e960000,0x000000001ea60000)]
  0x000000001f312000 JavaThread "Cache worker for cache directory md-supplier (C:\Users\SHRIRAM G\.gradle\caches\5.4.1\md-supplier)" [_thread_blocked, id=13568, stack(0x000000001e650000,0x000000001e750000)]
  0x00000000175a4800 JavaThread "Cache worker for file hash cache (C:\Users\SHRIRAM G\AndroidStudioProjects\COVID19-HACKATHON(UTTARPRADESH)\.gradle\5.4.1\fileHashes)" [_thread_blocked, id=10536, stack(0x000000001d580000,0x000000001d680000)]
  0x00000000175a6800 JavaThread "Cache worker for journal cache (C:\Users\SHRIRAM G\.gradle\caches\journal-1)" [_thread_blocked, id=8328, stack(0x000000001c0b0000,0x000000001c1b0000)]
  0x00000000175a7000 JavaThread "File lock request listener" [_thread_in_native, id=9956, stack(0x000000001bfb0000,0x000000001c0b0000)]
  0x00000000186ef000 JavaThread "Cache worker for file hash cache (C:\Users\SHRIRAM G\.gradle\caches\5.4.1\fileHashes)" [_thread_blocked, id=14800, stack(0x000000001beb0000,0x000000001bfb0000)]
  0x00000000193f1800 JavaThread "Thread-9" [_thread_blocked, id=15096, stack(0x000000001bdb0000,0x000000001beb0000)]
  0x0000000019b7b800 JavaThread "Stdin handler" [_thread_blocked, id=3036, stack(0x000000001bcb0000,0x000000001bdb0000)]
  0x0000000019b7b000 JavaThread "Asynchronous log dispatcher for DefaultDaemonConnection: socket connection from /127.0.0.1:50509 to /127.0.0.1:50510" [_thread_blocked, id=11404, stack(0x000000001bbb0000,0x000000001bcb0000)]
  0x0000000018507000 JavaThread "Daemon worker" [_thread_in_vm, id=8832, stack(0x000000001bab0000,0x000000001bbb0000)]
  0x0000000018506800 JavaThread "Cancel handler" [_thread_blocked, id=4440, stack(0x000000001b9b0000,0x000000001bab0000)]
  0x00000000186d1800 JavaThread "Handler for socket connection from /127.0.0.1:50509 to /127.0.0.1:50510" [_thread_in_native, id=4076, stack(0x000000001b6b0000,0x000000001b7b0000)]
  0x00000000186d3000 JavaThread "Daemon" [_thread_blocked, id=3588, stack(0x000000001b5b0000,0x000000001b6b0000)]
  0x00000000195b8000 JavaThread "Daemon periodic checks" [_thread_blocked, id=9260, stack(0x000000001b4b0000,0x000000001b5b0000)]
  0x00000000176a2000 JavaThread "Incoming local TCP Connector on port 50509" [_thread_in_native, id=13192, stack(0x000000001ac00000,0x000000001ad00000)]
  0x0000000019f7c800 JavaThread "Daemon health stats" [_thread_blocked, id=5652, stack(0x000000001ad30000,0x000000001ae30000)]
  0x000000001762b800 JavaThread "Service Thread" daemon [_thread_blocked, id=14436, stack(0x0000000018260000,0x0000000018360000)]
  0x00000000175a4000 JavaThread "C1 CompilerThread3" daemon [_thread_blocked, id=7740, stack(0x0000000018160000,0x0000000018260000)]
  0x000000001759d000 JavaThread "C2 CompilerThread2" daemon [_thread_in_native, id=12708, stack(0x0000000018060000,0x0000000018160000)]
  0x00000000157ad000 JavaThread "C2 CompilerThread1" daemon [_thread_in_native, id=7196, stack(0x0000000017f60000,0x0000000018060000)]
=>0x0000000017596000 JavaThread "C2 CompilerThread0" daemon [_thread_in_native, id=4852, stack(0x0000000017e60000,0x0000000017f60000)]
  0x0000000017594800 JavaThread "Attach Listener" daemon [_thread_blocked, id=13816, stack(0x0000000017d60000,0x0000000017e60000)]
  0x0000000017593000 JavaThread "Signal Dispatcher" daemon [_thread_blocked, id=10512, stack(0x0000000017c60000,0x0000000017d60000)]
  0x0000000002c7c800 JavaThread "Finalizer" daemon [_thread_blocked, id=13972, stack(0x0000000017a60000,0x0000000017b60000)]
  0x0000000017580800 JavaThread "Reference Handler" daemon [_thread_blocked, id=15304, stack(0x0000000017960000,0x0000000017a60000)]
  0x000000000118e800 JavaThread "main" [_thread_blocked, id=14368, stack(0x0000000002a80000,0x0000000002b80000)]

Other Threads:
  0x0000000015798000 VMThread [stack: 0x0000000017460000,0x0000000017560000] [id=12820]
  0x000000001762c800 WatcherThread [stack: 0x0000000018360000,0x0000000018460000] [id=13400]

VM state:not at safepoint (normal execution)

VM Mutex/Monitor currently owned by a thread: None

heap address: 0x00000000c0000000, size: 1024 MB, Compressed Oops mode: 32-bit
Narrow klass base: 0x0000000000000000, Narrow klass shift: 3
Compressed class space size: 1073741824 Address: 0x0000000100000000

Heap:
 PSYoungGen      total 109568K, used 107930K [0x00000000eab00000, 0x00000000f4000000, 0x0000000100000000)
  eden space 101376K, 98% used [0x00000000eab00000,0x00000000f0ce0b18,0x00000000f0e00000)
  from space 8192K, 94% used [0x00000000f3800000,0x00000000f3f85d60,0x00000000f4000000)
  to   space 12288K, 0% used [0x00000000f2800000,0x00000000f2800000,0x00000000f3400000)
 ParOldGen       total 66560K, used 12214K [0x00000000c0000000, 0x00000000c4100000, 0x00000000eab00000)
  object space 66560K, 18% used [0x00000000c0000000,0x00000000c0bed8d0,0x00000000c4100000)
 Metaspace       used 33999K, capacity 34828K, committed 34944K, reserved 1079296K
  class space    used 4684K, capacity 4910K, committed 4992K, reserved 1048576K

Card table byte_map: [0x0000000012040000,0x0000000012250000] byte_map_base: 0x0000000011a40000

Marking Bits: (ParMarkBitMap*) 0x00000000662bf030
 Begin Bits: [0x0000000012bb0000, 0x0000000013bb0000)
 End Bits:   [0x0000000013bb0000, 0x0000000014bb0000)

Polling page: 0x0000000000c80000

CodeCache: size=245760Kb used=11027Kb max_used=11052Kb free=234732Kb
 bounds [0x0000000002c80000, 0x0000000003760000, 0x0000000011c80000]
 total_blobs=3476 nmethods=2788 adapters=601
 compilation: enabled

Compilation events (10 events):
Event: 3.894 Thread 0x00000000175a4000 2790       1       groovyjarjarasm.asm.SymbolTable::get (13 bytes)
Event: 3.894 Thread 0x00000000175a4000 nmethod 2790 0x000000000373f7d0 code [0x000000000373f920, 0x000000000373fa70]
Event: 3.896 Thread 0x00000000175a4000 2791       3       java.lang.Class$MethodArray::addInterfaceMethods (44 bytes)
Event: 3.896 Thread 0x00000000175a4000 nmethod 2791 0x000000000373fb50 code [0x000000000373fce0, 0x00000000037400e8]
Event: 3.897 Thread 0x00000000175a4000 2792       3       org.codehaus.groovy.reflection.CachedClass::access$000 (5 bytes)
Event: 3.897 Thread 0x00000000175a4000 nmethod 2792 0x0000000003740290 code [0x0000000003740400, 0x0000000003740568]
Event: 3.897 Thread 0x00000000175a4000 2793   !   3       org.codehaus.groovy.reflection.CachedClass::makeAccessible (92 bytes)
Event: 3.898 Thread 0x00000000175a4000 nmethod 2793 0x0000000003740610 code [0x0000000003740860, 0x0000000003741548]
Event: 3.898 Thread 0x00000000175a4000 2794   !   3       java.lang.ClassValue::getFromHashMap (70 bytes)
Event: 3.899 Thread 0x00000000175a4000 nmethod 2794 0x0000000003741d10 code [0x0000000003741f60, 0x0000000003742b98]

GC Heap History (10 events):
Event: 1.664 GC heap before
{Heap before GC invocations=3 (full 0):
 PSYoungGen      total 37888K, used 36637K [0x00000000eab00000, 0x00000000ef500000, 0x0000000100000000)
  eden space 32768K, 100% used [0x00000000eab00000,0x00000000ecb00000,0x00000000ecb00000)
  from space 5120K, 75% used [0x00000000ed000000,0x00000000ed3c77b0,0x00000000ed500000)
  to   space 5120K, 0% used [0x00000000ecb00000,0x00000000ecb00000,0x00000000ed000000)
 ParOldGen       total 86016K, used 16K [0x00000000c0000000, 0x00000000c5400000, 0x00000000eab00000)
  object space 86016K, 0% used [0x00000000c0000000,0x00000000c0004000,0x00000000c5400000)
 Metaspace       used 12810K, capacity 13196K, committed 13440K, reserved 1060864K
  class space    used 1751K, capacity 1868K, committed 1920K, reserved 1048576K
Event: 1.671 GC heap after
Heap after GC invocations=3 (full 0):
 PSYoungGen      total 37888K, used 5091K [0x00000000eab00000, 0x00000000ef500000, 0x0000000100000000)
  eden space 32768K, 0% used [0x00000000eab00000,0x00000000eab00000,0x00000000ecb00000)
  from space 5120K, 99% used [0x00000000ecb00000,0x00000000ecff8df8,0x00000000ed000000)
  to   space 5120K, 0% used [0x00000000ef000000,0x00000000ef000000,0x00000000ef500000)
 ParOldGen       total 86016K, used 1479K [0x00000000c0000000, 0x00000000c5400000, 0x00000000eab00000)
  object space 86016K, 1% used [0x00000000c0000000,0x00000000c0171f50,0x00000000c5400000)
 Metaspace       used 12810K, capacity 13196K, committed 13440K, reserved 1060864K
  class space    used 1751K, capacity 1868K, committed 1920K, reserved 1048576K
}
Event: 1.912 GC heap before
{Heap before GC invocations=4 (full 0):
 PSYoungGen      total 37888K, used 37859K [0x00000000eab00000, 0x00000000ef500000, 0x0000000100000000)
  eden space 32768K, 100% used [0x00000000eab00000,0x00000000ecb00000,0x00000000ecb00000)
  from space 5120K, 99% used [0x00000000ecb00000,0x00000000ecff8df8,0x00000000ed000000)
  to   space 5120K, 0% used [0x00000000ef000000,0x00000000ef000000,0x00000000ef500000)
 ParOldGen       total 86016K, used 1479K [0x00000000c0000000, 0x00000000c5400000, 0x00000000eab00000)
  object space 86016K, 1% used [0x00000000c0000000,0x00000000c0171f50,0x00000000c5400000)
 Metaspace       used 15615K, capacity 16034K, committed 16256K, reserved 1062912K
  class space    used 2216K, capacity 2393K, committed 2432K, reserved 1048576K
Event: 1.919 GC heap after
Heap after GC invocations=4 (full 0):
 PSYoungGen      total 70656K, used 5088K [0x00000000eab00000, 0x00000000ef500000, 0x0000000100000000)
  eden space 65536K, 0% used [0x00000000eab00000,0x00000000eab00000,0x00000000eeb00000)
  from space 5120K, 99% used [0x00000000ef000000,0x00000000ef4f8020,0x00000000ef500000)
  to   space 5120K, 0% used [0x00000000eeb00000,0x00000000eeb00000,0x00000000ef000000)
 ParOldGen       total 86016K, used 4649K [0x00000000c0000000, 0x00000000c5400000, 0x00000000eab00000)
  object space 86016K, 5% used [0x00000000c0000000,0x00000000c048a450,0x00000000c5400000)
 Metaspace       used 15615K, capacity 16034K, committed 16256K, reserved 1062912K
  class space    used 2216K, capacity 2393K, committed 2432K, reserved 1048576K
}
Event: 2.511 GC heap before
{Heap before GC invocations=5 (full 0):
 PSYoungGen      total 70656K, used 60504K [0x00000000eab00000, 0x00000000ef500000, 0x0000000100000000)
  eden space 65536K, 84% used [0x00000000eab00000,0x00000000ee11e170,0x00000000eeb00000)
  from space 5120K, 99% used [0x00000000ef000000,0x00000000ef4f8020,0x00000000ef500000)
  to   space 5120K, 0% used [0x00000000eeb00000,0x00000000eeb00000,0x00000000ef000000)
 ParOldGen       total 86016K, used 4649K [0x00000000c0000000, 0x00000000c5400000, 0x00000000eab00000)
  object space 86016K, 5% used [0x00000000c0000000,0x00000000c048a450,0x00000000c5400000)
 Metaspace       used 20585K, capacity 21148K, committed 21296K, reserved 1067008K
  class space    used 2978K, capacity 3161K, committed 3200K, reserved 1048576K
Event: 2.521 GC heap after
Heap after GC invocations=5 (full 0):
 PSYoungGen      total 70656K, used 5096K [0x00000000eab00000, 0x00000000f4500000, 0x0000000100000000)
  eden space 65536K, 0% used [0x00000000eab00000,0x00000000eab00000,0x00000000eeb00000)
  from space 5120K, 99% used [0x00000000eeb00000,0x00000000eeffa0c8,0x00000000ef000000)
  to   space 13312K, 0% used [0x00000000f3800000,0x00000000f3800000,0x00000000f4500000)
 ParOldGen       total 86016K, used 11847K [0x00000000c0000000, 0x00000000c5400000, 0x00000000eab00000)
  object space 86016K, 13% used [0x00000000c0000000,0x00000000c0b91e00,0x00000000c5400000)
 Metaspace       used 20585K, capacity 21148K, committed 21296K, reserved 1067008K
  class space    used 2978K, capacity 3161K, committed 3200K, reserved 1048576K
}
Event: 2.521 GC heap before
{Heap before GC invocations=6 (full 1):
 PSYoungGen      total 70656K, used 5096K [0x00000000eab00000, 0x00000000f4500000, 0x0000000100000000)
  eden space 65536K, 0% used [0x00000000eab00000,0x00000000eab00000,0x00000000eeb00000)
  from space 5120K, 99% used [0x00000000eeb00000,0x00000000eeffa0c8,0x00000000ef000000)
  to   space 13312K, 0% used [0x00000000f3800000,0x00000000f3800000,0x00000000f4500000)
 ParOldGen       total 86016K, used 11847K [0x00000000c0000000, 0x00000000c5400000, 0x00000000eab00000)
  object space 86016K, 13% used [0x00000000c0000000,0x00000000c0b91e00,0x00000000c5400000)
 Metaspace       used 20585K, capacity 21148K, committed 21296K, reserved 1067008K
  class space    used 2978K, capacity 3161K, committed 3200K, reserved 1048576K
Event: 2.549 GC heap after
Heap after GC invocations=6 (full 1):
 PSYoungGen      total 70656K, used 0K [0x00000000eab00000, 0x00000000f4500000, 0x0000000100000000)
  eden space 65536K, 0% used [0x00000000eab00000,0x00000000eab00000,0x00000000eeb00000)
  from space 5120K, 0% used [0x00000000eeb00000,0x00000000eeb00000,0x00000000ef000000)
  to   space 13312K, 0% used [0x00000000f3800000,0x00000000f3800000,0x00000000f4500000)
 ParOldGen       total 66560K, used 12206K [0x00000000c0000000, 0x00000000c4100000, 0x00000000eab00000)
  object space 66560K, 18% used [0x00000000c0000000,0x00000000c0beb8d0,0x00000000c4100000)
 Metaspace       used 20585K, capacity 21148K, committed 21296K, reserved 1067008K
  class space    used 2978K, capacity 3161K, committed 3200K, reserved 1048576K
}
Event: 3.154 GC heap before
{Heap before GC invocations=7 (full 1):
 PSYoungGen      total 70656K, used 65536K [0x00000000eab00000, 0x00000000f4500000, 0x0000000100000000)
  eden space 65536K, 100% used [0x00000000eab00000,0x00000000eeb00000,0x00000000eeb00000)
  from space 5120K, 0% used [0x00000000eeb00000,0x00000000eeb00000,0x00000000ef000000)
  to   space 13312K, 0% used [0x00000000f3800000,0x00000000f3800000,0x00000000f4500000)
 ParOldGen       total 66560K, used 12206K [0x00000000c0000000, 0x00000000c4100000, 0x00000000eab00000)
  object space 66560K, 18% used [0x00000000c0000000,0x00000000c0beb8d0,0x00000000c4100000)
 Metaspace       used 28446K, capacity 28996K, committed 29312K, reserved 1075200K
  class space    used 3914K, capacity 4131K, committed 4224K, reserved 1048576K
Event: 3.160 GC heap after
Heap after GC invocations=7 (full 1):
 PSYoungGen      total 109568K, used 7703K [0x00000000eab00000, 0x00000000f4000000, 0x0000000100000000)
  eden space 101376K, 0% used [0x00000000eab00000,0x00000000eab00000,0x00000000f0e00000)
  from space 8192K, 94% used [0x00000000f3800000,0x00000000f3f85d60,0x00000000f4000000)
  to   space 12288K, 0% used [0x00000000f2800000,0x00000000f2800000,0x00000000f3400000)
 ParOldGen       total 66560K, used 12214K [0x00000000c0000000, 0x00000000c4100000, 0x00000000eab00000)
  object space 66560K, 18% used [0x00000000c0000000,0x00000000c0bed8d0,0x00000000c4100000)
 Metaspace       used 28446K, capacity 28996K, committed 29312K, reserved 1075200K
  class space    used 3914K, capacity 4131K, committed 4224K, reserved 1048576K
}

Deoptimization events (10 events):
Event: 3.492 Thread 0x0000000018507000 Uncommon trap: reason=predicate action=maybe_recompile pc=0x00000000035d5350 method=java.util.Arrays.binarySearch0([Ljava/lang/Object;IILjava/lang/Object;Ljava/util/Comparator;)I @ 28
Event: 3.562 Thread 0x0000000018507000 Uncommon trap: reason=unstable_if action=reinterpret pc=0x00000000035d9144 method=org.codehaus.groovy.runtime.metaclass.MetaMethodIndex.addMethodToList(Ljava/lang/Object;Lgroovy/lang/MetaMethod;)Ljava/lang/Object; @ 226
Event: 3.690 Thread 0x0000000018507000 Uncommon trap: reason=unstable_if action=reinterpret pc=0x0000000002f13cc0 method=java.util.HashMap.getNode(ILjava/lang/Object;)Ljava/util/HashMap$Node; @ 53
Event: 3.690 Thread 0x0000000018507000 Uncommon trap: reason=unstable_if action=reinterpret pc=0x000000000311b130 method=java.util.HashMap.hash(Ljava/lang/Object;)I @ 1
Event: 3.690 Thread 0x0000000018507000 Uncommon trap: reason=unstable_if action=reinterpret pc=0x000000000311ef3c method=java.util.HashMap.putVal(ILjava/lang/Object;Ljava/lang/Object;ZZ)Ljava/lang/Object; @ 85
Event: 3.759 Thread 0x0000000018507000 Uncommon trap: reason=unstable_if action=reinterpret pc=0x000000000354c480 method=org.objectweb.asm.ByteVector.putShort(I)Lorg/objectweb/asm/ByteVector; @ 13
Event: 3.760 Thread 0x0000000018507000 Uncommon trap: reason=unstable_if action=reinterpret pc=0x0000000003319de0 method=java.net.URLStreamHandler.sameFile(Ljava/net/URL;Ljava/net/URL;)Z @ 63
Event: 3.762 Thread 0x0000000018507000 Uncommon trap: reason=unstable_if action=reinterpret pc=0x00000000036a1100 method=org.objectweb.asm.Type.appendDescriptor(Ljava/lang/Class;Ljava/lang/StringBuilder;)V @ 28
Event: 3.808 Thread 0x0000000018507000 Uncommon trap: reason=unstable_if action=reinterpret pc=0x00000000036e6fc4 method=java.lang.ClassLoader.checkCerts(Ljava/lang/String;Ljava/security/CodeSource;)V @ 29
Event: 3.828 Thread 0x0000000018507000 Uncommon trap: reason=unstable_if action=reinterpret pc=0x000000000355bc84 method=org.gradle.internal.reflect.PropertyAccessorType.isGetGetterName(Ljava/lang/String;)Z @ 14

Classes redefined (0 events):
No events

Internal exceptions (10 events):
Event: 3.811 Thread 0x0000000018507000 Exception <a 'java/lang/ClassNotFoundException': java/util/AbstractCollectionBeanInfo> (0x00000000effeac20) thrown at [C:\src\AOSP-openjdk-git\hotspot\src\share\vm\classfile\systemDictionary.cpp, line 210]
Event: 3.812 Thread 0x0000000018507000 Exception <a 'java/lang/ClassNotFoundException': java/util/AbstractCollectionCustomizer> (0x00000000efff4f08) thrown at [C:\src\AOSP-openjdk-git\hotspot\src\share\vm\classfile\systemDictionary.cpp, line 210]
Event: 3.812 Thread 0x0000000018507000 Exception <a 'java/lang/ClassNotFoundException': java/util/AbstractListCustomizer> (0x00000000f0008fc8) thrown at [C:\src\AOSP-openjdk-git\hotspot\src\share\vm\classfile\systemDictionary.cpp, line 210]
Event: 3.813 Thread 0x0000000018507000 Exception <a 'java/lang/ClassNotFoundException': java/util/ArrayListCustomizer> (0x00000000f001f600) thrown at [C:\src\AOSP-openjdk-git\hotspot\src\share\vm\classfile\systemDictionary.cpp, line 210]
Event: 3.817 Thread 0x0000000018507000 Exception <a 'java/lang/ClassNotFoundException': java/util/CollectionBeanInfo> (0x00000000f00a51e0) thrown at [C:\src\AOSP-openjdk-git\hotspot\src\share\vm\classfile\systemDictionary.cpp, line 210]
Event: 3.817 Thread 0x0000000018507000 Exception <a 'java/lang/ClassNotFoundException': java/util/CollectionCustomizer> (0x00000000f00ae438) thrown at [C:\src\AOSP-openjdk-git\hotspot\src\share\vm\classfile\systemDictionary.cpp, line 210]
Event: 3.890 Thread 0x0000000018507000 Exception <a 'java/lang/ClassNotFoundException': build_asy561jh61r9wdr2up68mtnaiBeanInfo> (0x00000000f06af038) thrown at [C:\src\AOSP-openjdk-git\hotspot\src\share\vm\classfile\systemDictionary.cpp, line 210]
Event: 3.890 Thread 0x0000000018507000 Exception <a 'java/lang/ClassNotFoundException': org/gradle/api/internal/project/ProjectScriptBeanInfo> (0x00000000f06c5760) thrown at [C:\src\AOSP-openjdk-git\hotspot\src\share\vm\classfile\systemDictionary.cpp, line 210]
Event: 3.890 Thread 0x0000000018507000 Exception <a 'java/lang/ClassNotFoundException': org/gradle/api/internal/project/ProjectScriptCustomizer> (0x00000000f06dc340) thrown at [C:\src\AOSP-openjdk-git\hotspot\src\share\vm\classfile\systemDictionary.cpp, line 210]
Event: 3.891 Thread 0x0000000018507000 Exception <a 'java/lang/ClassNotFoundException': build_asy561jh61r9wdr2up68mtnaiCustomizer> (0x00000000f06fcbf8) thrown at [C:\src\AOSP-openjdk-git\hotspot\src\share\vm\classfile\systemDictionary.cpp, line 210]

Events (10 events):
Event: 3.892 loading class org/gradle/internal/service/scopes/ProjectScopeServices$2
Event: 3.892 loading class org/gradle/internal/service/scopes/ProjectScopeServices$2 done
Event: 3.893 loading class groovy/runtime/metaclass/build_asy561jh61r9wdr2up68mtnai$_run_closure1MetaClass
Event: 3.893 loading class groovy/runtime/metaclass/build_asy561jh61r9wdr2up68mtnai$_run_closure1MetaClass done
Event: 3.895 loading class groovy/runtime/metaclass/build_asy561jh61r9wdr2up68mtnai$_run_closure1$_closure2MetaClass
Event: 3.895 loading class groovy/runtime/metaclass/build_asy561jh61r9wdr2up68mtnai$_run_closure1$_closure2MetaClass done
Event: 3.895 loading class groovy/runtime/metaclass/org/gradle/api/internal/artifacts/dsl/DefaultRepositoryHandler_DecoratedMetaClass
Event: 3.895 loading class groovy/runtime/metaclass/org/gradle/api/internal/artifacts/dsl/DefaultRepositoryHandler_DecoratedMetaClass done
Event: 3.897 loading class org/gradle/api/internal/provider/CollectionProviderInternal
Event: 3.897 loading class org/gradle/api/internal/provider/CollectionProviderInternal done


Dynamic libraries:
0x00007ff7a6bb0000 - 0x00007ff7a6be1000 	C:\Program Files\Android\Android Studio\jre\bin\java.exe
0x00007fff141c0000 - 0x00007fff143b0000 	C:\WINDOWS\SYSTEM32\ntdll.dll
0x00007fff13b50000 - 0x00007fff13c02000 	C:\WINDOWS\System32\KERNEL32.DLL
0x00007fff11550000 - 0x00007fff117f4000 	C:\WINDOWS\System32\KERNELBASE.dll
0x00007fff12640000 - 0x00007fff126e3000 	C:\WINDOWS\System32\ADVAPI32.dll
0x00007fff13d90000 - 0x00007fff13e2e000 	C:\WINDOWS\System32\msvcrt.dll
0x00007fff13860000 - 0x00007fff138f7000 	C:\WINDOWS\System32\sechost.dll
0x00007fff13c70000 - 0x00007fff13d90000 	C:\WINDOWS\System32\RPCRT4.dll
0x00007fff136b0000 - 0x00007fff13844000 	C:\WINDOWS\System32\USER32.dll
0x00007fff113f0000 - 0x00007fff11411000 	C:\WINDOWS\System32\win32u.dll
0x00007fff140d0000 - 0x00007fff140f6000 	C:\WINDOWS\System32\GDI32.dll
0x00007fff11250000 - 0x00007fff113e4000 	C:\WINDOWS\System32\gdi32full.dll
0x00007fff114b0000 - 0x00007fff1154e000 	C:\WINDOWS\System32\msvcp_win.dll
0x00007fff11150000 - 0x00007fff1124a000 	C:\WINDOWS\System32\ucrtbase.dll
0x00007ffeff8f0000 - 0x00007ffeffb74000 	C:\WINDOWS\WinSxS\amd64_microsoft.windows.common-controls_6595b64144ccf1df_6.0.18362.836_none_e6c4b943130f18ed\COMCTL32.dll
0x00007fff127d0000 - 0x00007fff12b06000 	C:\WINDOWS\System32\combase.dll
0x00007fff118d0000 - 0x00007fff11950000 	C:\WINDOWS\System32\bcryptPrimitives.dll
0x00007fff13680000 - 0x00007fff136ae000 	C:\WINDOWS\System32\IMM32.DLL
0x0000000065a10000 - 0x0000000065ae2000 	C:\Program Files\Android\Android Studio\jre\jre\bin\msvcr100.dll
0x0000000065af0000 - 0x000000006633b000 	C:\Program Files\Android\Android Studio\jre\jre\bin\server\jvm.dll
0x00007fff127c0000 - 0x00007fff127c8000 	C:\WINDOWS\System32\PSAPI.DLL
0x00007fff0ed10000 - 0x00007fff0ed34000 	C:\WINDOWS\SYSTEM32\WINMM.dll
0x00007fff08750000 - 0x00007fff0875a000 	C:\WINDOWS\SYSTEM32\VERSION.dll
0x00007ffefc030000 - 0x00007ffefc039000 	C:\WINDOWS\SYSTEM32\WSOCK32.dll
0x00007fff13900000 - 0x00007fff1396f000 	C:\WINDOWS\System32\WS2_32.dll
0x00007fff0e840000 - 0x00007fff0e86d000 	C:\WINDOWS\SYSTEM32\WINMMBASE.dll
0x00007fff11950000 - 0x00007fff1199a000 	C:\WINDOWS\System32\cfgmgr32.dll
0x00007fff0ef30000 - 0x00007fff0ef3f000 	C:\Program Files\Android\Android Studio\jre\jre\bin\verify.dll
0x00007fff0eee0000 - 0x00007fff0ef09000 	C:\Program Files\Android\Android Studio\jre\jre\bin\java.dll
0x00007fff0d270000 - 0x00007fff0d286000 	C:\Program Files\Android\Android Studio\jre\jre\bin\zip.dll
0x00007fff12f80000 - 0x00007fff13664000 	C:\WINDOWS\System32\SHELL32.dll
0x00007fff124a0000 - 0x00007fff12549000 	C:\WINDOWS\System32\shcore.dll
0x00007fff119a0000 - 0x00007fff1211e000 	C:\WINDOWS\System32\windows.storage.dll
0x00007fff110d0000 - 0x00007fff110f3000 	C:\WINDOWS\System32\profapi.dll
0x00007fff11100000 - 0x00007fff1114a000 	C:\WINDOWS\System32\powrprof.dll
0x00007fff11080000 - 0x00007fff11090000 	C:\WINDOWS\System32\UMPDC.dll
0x00007fff13af0000 - 0x00007fff13b42000 	C:\WINDOWS\System32\shlwapi.dll
0x00007fff11090000 - 0x00007fff110a1000 	C:\WINDOWS\System32\kernel.appcore.dll
0x00007fff11800000 - 0x00007fff11817000 	C:\WINDOWS\System32\cryptsp.dll
0x00007fff0c460000 - 0x00007fff0c47a000 	C:\Program Files\Android\Android Studio\jre\jre\bin\net.dll
0x00007fff10890000 - 0x00007fff108f7000 	C:\WINDOWS\system32\mswsock.dll
0x00007fff0c440000 - 0x00007fff0c453000 	C:\Program Files\Android\Android Studio\jre\jre\bin\nio.dll
0x00007fff09320000 - 0x00007fff09346000 	C:\Users\SHRIRAM G\.gradle\native\29\windows-amd64\native-platform.dll
0x00007fff0bc40000 - 0x00007fff0bc4d000 	C:\Program Files\Android\Android Studio\jre\jre\bin\management.dll
0x00007fff10400000 - 0x00007fff10433000 	C:\WINDOWS\system32\rsaenh.dll
0x00007fff11420000 - 0x00007fff11446000 	C:\WINDOWS\System32\bcrypt.dll
0x00007fff10fa0000 - 0x00007fff10fc5000 	C:\WINDOWS\SYSTEM32\USERENV.dll
0x00007fff10a60000 - 0x00007fff10a6c000 	C:\WINDOWS\SYSTEM32\CRYPTBASE.dll
0x00007fff105a0000 - 0x00007fff105da000 	C:\WINDOWS\SYSTEM32\IPHLPAPI.DLL
0x00007fff13850000 - 0x00007fff13858000 	C:\WINDOWS\System32\NSI.dll
0x00007fff043d0000 - 0x00007fff043e6000 	C:\WINDOWS\SYSTEM32\dhcpcsvc6.DLL
0x00007fff088c0000 - 0x00007fff088dc000 	C:\WINDOWS\SYSTEM32\dhcpcsvc.DLL
0x00007fff105e0000 - 0x00007fff106ab000 	C:\WINDOWS\SYSTEM32\DNSAPI.dll

VM Arguments:
jvm_args: -Xmx1024M -Dfile.encoding=windows-1252 -Duser.country=IN -Duser.language=en -Duser.variant 
java_command: org.gradle.launcher.daemon.bootstrap.GradleDaemon 5.4.1
java_class_path (initial): C:\Users\SHRIRAM G\.gradle\wrapper\dists\gradle-5.4.1-all\3221gyojl5jsh0helicew7rwx\gradle-5.4.1\lib\gradle-launcher-5.4.1.jar
Launcher Type: SUN_STANDARD

Environment Variables:
PATH=C:\Program Files\Java\jdk1.8.0_241\bin;C:\Users\SHRIRAM G\Anaconda3;C:\Users\SHRIRAM G\Anaconda3\Library\mingw-w64\bin;C:\Users\SHRIRAM G\Anaconda3\Library\usr\bin;C:\Users\SHRIRAM G\Anaconda3\Library\bin;C:\Users\SHRIRAM G\Anaconda3\Scripts;C:\Program Files (x86)\Google\Chrome\Application;C:\oraclexe\app\oracle\product\10.2.0\server\bin;C:\Program Files (x86)\Intel\iCLS Client\;C:\Program Files\Intel\iCLS Client\;C:\Windows\system32;C:\Windows;C:\Windows\System32\Wbem;C:\Windows\System32\WindowsPowerShell\v1.0\;C:\Program Files (x86)\Intel\Intel(R) Management Engine Components\DAL;C:\Program Files\Intel\Intel(R) Management Engine Components\DAL;C:\Program Files (x86)\Intel\Intel(R) Management Engine Components\IPT;C:\Program Files\Intel\Intel(R) Management Engine Components\IPT;C:\Program Files (x86)\NVIDIA Corporation\PhysX\Common;C:\WINDOWS\system32;C:\WINDOWS;C:\WINDOWS\System32\Wbem;C:\WINDOWS\System32\WindowsPowerShell\v1.0\;C:\WINDOWS\System32\OpenSSH\;C:\Program Files\Intel\WiFi\bin\;C:\Program Files\Common Files\Intel\WirelessCommon\;C:\x
USERNAME=SHRIRAM G
OS=Windows_NT
PROCESSOR_IDENTIFIER=Intel64 Family 6 Model 158 Stepping 9, GenuineIntel



---------------  S Y S T E M  ---------------

OS: Windows 10.0 , 64 bit Build 18362 (10.0.18362.778)

CPU:total 8 (initial active 8) (4 cores per cpu, 2 threads per core) family 6 model 158 stepping 9, cmov, cx8, fxsr, mmx, sse, sse2, sse3, ssse3, sse4.1, sse4.2, popcnt, avx, avx2, aes, clmul, erms, 3dnowpref, lzcnt, ht, tsc, tscinvbit, bmi1, bmi2, adx

Memory: 4k page, physical 8247252k(1250932k free), swap 10194900k(5220k free)

vm_info: OpenJDK 64-Bit Server VM (25.242-b01) for windows-amd64 JRE (1.8.0_242-release-1644-b01), built by "builder" with MS VC++ 10.0 (VS2010)

time: Thu Jun 11 18:15:24 2020
timezone: India Standard Time
elapsed time: 3 seconds (0d 0h 0m 3s)

