#
# There is insufficient memory for the Java Runtime Environment to continue.
# Native memory allocation (malloc) failed to allocate 87264 bytes for Chunk::new
# Possible reasons:
#   The system is out of physical RAM or swap space
#   The process is running with CompressedOops enabled, and the Java Heap may be blocking the growth of the native heap
# Possible solutions:
#   Reduce memory load on the system
#   Increase physical memory or swap space
#   Check if swap backing store is full
#   Decrease Java heap size (-Xmx/-Xms)
#   Decrease number of Java threads
#   Decrease Java thread stack sizes (-Xss)
#   Set larger code cache with -XX:ReservedCodeCacheSize=
#   JVM is running with Unscaled Compressed Oops mode in which the Java heap is
#     placed in the first 4GB address space. The Java Heap base address is the
#     maximum limit for the native heap growth. Please use -XX:HeapBaseMinAddress
#     to set the Java Heap base and to place the Java Heap above 4GB virtual address.
# This output file may be truncated or incomplete.
#
#  Out of Memory Error (allocation.cpp:389), pid=14640, tid=0x0000000000001e3c
#
# JRE version: OpenJDK Runtime Environment (8.0_242-b01) (build 1.8.0_242-release-1644-b01)
# Java VM: OpenJDK 64-Bit Server VM (25.242-b01 mixed mode windows-amd64 compressed oops)
# Failed to write core dump. Minidumps are not enabled by default on client versions of Windows
#

---------------  T H R E A D  ---------------

Current thread (0x00000000163de000):  JavaThread "C2 CompilerThread1" daemon [_thread_in_native, id=7740, stack(0x0000000018bb0000,0x0000000018cb0000)]

Stack: [0x0000000018bb0000,0x0000000018cb0000]
[error occurred during error reporting (printing stack bounds), id 0xc0000005]

Native frames: (J=compiled Java code, j=interpreted, Vv=VM code, C=native code)


Current CompileTask:
C2:   3161 1604       4       java.io.DataOutputStream::writeShort (35 bytes)


---------------  P R O C E S S  ---------------

Java Threads: ( => current thread )
  0x000000001a13a800 JavaThread "Cache worker for file hash cache (C:\Users\SHRIRAM G\AndroidStudioProjects\COVID19-HACKATHON(UTTARPRADESH)\.gradle\5.4.1\fileHashes)" [_thread_blocked, id=7204, stack(0x000000001e1a0000,0x000000001e2a0000)]
  0x000000001a13b000 JavaThread "Cache worker for journal cache (C:\Users\SHRIRAM G\.gradle\caches\journal-1)" [_thread_blocked, id=14556, stack(0x000000001ccd0000,0x000000001cdd0000)]
  0x000000001a139800 JavaThread "File lock request listener" [_thread_in_native, id=4852, stack(0x000000001cbd0000,0x000000001ccd0000)]
  0x0000000019ee5800 JavaThread "Cache worker for file hash cache (C:\Users\SHRIRAM G\.gradle\caches\5.4.1\fileHashes)" [_thread_blocked, id=10340, stack(0x000000001cad0000,0x000000001cbd0000)]
  0x000000001a10f000 JavaThread "Thread-9" [_thread_blocked, id=13600, stack(0x000000001c9d0000,0x000000001cad0000)]
  0x000000001a10e000 JavaThread "Stdin handler" [_thread_blocked, id=4300, stack(0x000000001c8d0000,0x000000001c9d0000)]
  0x000000001a10d800 JavaThread "Asynchronous log dispatcher for DefaultDaemonConnection: socket connection from /127.0.0.1:50700 to /127.0.0.1:50701" [_thread_blocked, id=11652, stack(0x000000001c7d0000,0x000000001c8d0000)]
  0x000000001a10c800 JavaThread "Daemon worker" [_thread_in_vm, id=10536, stack(0x000000001c6d0000,0x000000001c7d0000)]
  0x000000001a029800 JavaThread "Cancel handler" [_thread_blocked, id=11404, stack(0x000000001c5d0000,0x000000001c6d0000)]
  0x000000001a4eb000 JavaThread "Handler for socket connection from /127.0.0.1:50700 to /127.0.0.1:50701" [_thread_in_native, id=8328, stack(0x000000001c2d0000,0x000000001c3d0000)]
  0x000000001a831000 JavaThread "Daemon" [_thread_blocked, id=9956, stack(0x000000001c1d0000,0x000000001c2d0000)]
  0x000000001a0c2800 JavaThread "Daemon periodic checks" [_thread_blocked, id=14800, stack(0x000000001c0d0000,0x000000001c1d0000)]
  0x000000001a4ed800 JavaThread "Incoming local TCP Connector on port 50700" [_thread_in_native, id=15096, stack(0x000000001be90000,0x000000001bf90000)]
  0x000000001a50d000 JavaThread "Daemon health stats" [_thread_blocked, id=4076, stack(0x000000001b850000,0x000000001b950000)]
  0x000000001826f000 JavaThread "Service Thread" daemon [_thread_blocked, id=5652, stack(0x0000000018eb0000,0x0000000018fb0000)]
  0x00000000181fc800 JavaThread "C1 CompilerThread3" daemon [_thread_blocked, id=13400, stack(0x0000000018db0000,0x0000000018eb0000)]
  0x00000000181f5000 JavaThread "C2 CompilerThread2" daemon [_thread_in_native, id=14436, stack(0x0000000018cb0000,0x0000000018db0000)]
=>0x00000000163de000 JavaThread "C2 CompilerThread1" daemon [_thread_in_native, id=7740, stack(0x0000000018bb0000,0x0000000018cb0000)]
  0x00000000163d9000 JavaThread "C2 CompilerThread0" daemon [_thread_in_native, id=12708, stack(0x0000000018ab0000,0x0000000018bb0000)]
  0x00000000181e5800 JavaThread "Attach Listener" daemon [_thread_blocked, id=7196, stack(0x00000000189b0000,0x0000000018ab0000)]
  0x00000000181e4000 JavaThread "Signal Dispatcher" daemon [_thread_blocked, id=13816, stack(0x00000000188b0000,0x00000000189b0000)]
  0x000000000260c800 JavaThread "Finalizer" daemon [_thread_blocked, id=10512, stack(0x00000000186b0000,0x00000000187b0000)]
  0x00000000181d0800 JavaThread "Reference Handler" daemon [_thread_blocked, id=13972, stack(0x00000000185b0000,0x00000000186b0000)]
  0x000000000240e800 JavaThread "main" [_thread_blocked, id=216, stack(0x0000000002410000,0x0000000002510000)]

Other Threads:
  0x00000000163c8000 VMThread [stack: 0x00000000180b0000,0x00000000181b0000] [id=15304]
  0x000000001823b800 WatcherThread [stack: 0x0000000018fb0000,0x00000000190b0000] [id=14368]

VM state:not at safepoint (normal execution)

VM Mutex/Monitor currently owned by a thread: None

heap address: 0x00000000a0000000, size: 1536 MB, Compressed Oops mode: 32-bit
Narrow klass base: 0x0000000000000000, Narrow klass shift: 3
Compressed class space size: 1073741824 Address: 0x0000000100000000

Heap:
 PSYoungGen      total 37888K, used 30093K [0x00000000e0000000, 0x00000000e2a00000, 0x0000000100000000)
  eden space 32768K, 76% used [0x00000000e0000000,0x00000000e186b5f0,0x00000000e2000000)
  from space 5120K, 99% used [0x00000000e2500000,0x00000000e29f8020,0x00000000e2a00000)
  to   space 5120K, 0% used [0x00000000e2000000,0x00000000e2000000,0x00000000e2500000)
 ParOldGen       total 86016K, used 4733K [0x00000000a0000000, 0x00000000a5400000, 0x00000000e0000000)
  object space 86016K, 5% used [0x00000000a0000000,0x00000000a049f4b8,0x00000000a5400000)
 Metaspace       used 17873K, capacity 18276K, committed 18688K, reserved 1064960K
  class space    used 2590K, capacity 2714K, committed 2816K, reserved 1048576K

Card table byte_map: [0x00000000119d0000,0x0000000011ce0000] byte_map_base: 0x00000000114d0000

Marking Bits: (ParMarkBitMap*) 0x00000000662bf030
 Begin Bits: [0x00000000126e0000, 0x0000000013ee0000)
 End Bits:   [0x0000000013ee0000, 0x00000000156e0000)

Polling page: 0x0000000000aa0000

CodeCache: size=245760Kb used=5535Kb max_used=5535Kb free=240225Kb
 bounds [0x0000000002610000, 0x0000000002b80000, 0x0000000011610000]
 total_blobs=2010 nmethods=1601 adapters=322
 compilation: enabled

Compilation events (10 events):
Event: 3.148 Thread 0x00000000181fc800 nmethod 1601 0x0000000002b74a90 code [0x0000000002b74c00, 0x0000000002b74ed0]
Event: 3.148 Thread 0x00000000181fc800 1602       3       org.gradle.internal.service.DefaultServiceRegistry::isSatisfiedBy (44 bytes)
Event: 3.148 Thread 0x00000000181fc800 nmethod 1602 0x0000000002b74050 code [0x0000000002b74200, 0x0000000002b74948]
Event: 3.150 Thread 0x00000000181fc800 1603       3       sun.misc.ProxyGenerator$ConstantPool::getFieldRef (33 bytes)
Event: 3.150 Thread 0x00000000163de000 1604       4       java.io.DataOutputStream::writeShort (35 bytes)
Event: 3.151 Thread 0x00000000181fc800 nmethod 1603 0x0000000002b78b90 code [0x0000000002b78e20, 0x0000000002b79bc8]
Event: 3.151 Thread 0x00000000181fc800 1605       3       java.util.concurrent.locks.ReentrantLock$Sync::tryRelease (45 bytes)
Event: 3.151 Thread 0x00000000181fc800 nmethod 1605 0x0000000002b77d50 code [0x0000000002b77ee0, 0x0000000002b78488]
Event: 3.153 Thread 0x00000000181fc800 1606       3       java.lang.Enum::<init> (15 bytes)
Event: 3.154 Thread 0x00000000181fc800 nmethod 1606 0x0000000002b77790 code [0x0000000002b778e0, 0x0000000002b77ab0]

GC Heap History (8 events):
Event: 0.823 GC heap before
{Heap before GC invocations=1 (full 0):
 PSYoungGen      total 37888K, used 32768K [0x00000000e0000000, 0x00000000e2a00000, 0x0000000100000000)
  eden space 32768K, 100% used [0x00000000e0000000,0x00000000e2000000,0x00000000e2000000)
  from space 5120K, 0% used [0x00000000e2500000,0x00000000e2500000,0x00000000e2a00000)
  to   space 5120K, 0% used [0x00000000e2000000,0x00000000e2000000,0x00000000e2500000)
 ParOldGen       total 86016K, used 0K [0x00000000a0000000, 0x00000000a5400000, 0x00000000e0000000)
  object space 86016K, 0% used [0x00000000a0000000,0x00000000a0000000,0x00000000a5400000)
 Metaspace       used 7080K, capacity 7296K, committed 7424K, reserved 1056768K
  class space    used 861K, capacity 908K, committed 1024K, reserved 1048576K
Event: 0.830 GC heap after
Heap after GC invocations=1 (full 0):
 PSYoungGen      total 37888K, used 4249K [0x00000000e0000000, 0x00000000e2a00000, 0x0000000100000000)
  eden space 32768K, 0% used [0x00000000e0000000,0x00000000e0000000,0x00000000e2000000)
  from space 5120K, 82% used [0x00000000e2000000,0x00000000e2426468,0x00000000e2500000)
  to   space 5120K, 0% used [0x00000000e2500000,0x00000000e2500000,0x00000000e2a00000)
 ParOldGen       total 86016K, used 8K [0x00000000a0000000, 0x00000000a5400000, 0x00000000e0000000)
  object space 86016K, 0% used [0x00000000a0000000,0x00000000a0002000,0x00000000a5400000)
 Metaspace       used 7080K, capacity 7296K, committed 7424K, reserved 1056768K
  class space    used 861K, capacity 908K, committed 1024K, reserved 1048576K
}
Event: 1.214 GC heap before
{Heap before GC invocations=2 (full 0):
 PSYoungGen      total 37888K, used 37017K [0x00000000e0000000, 0x00000000e2a00000, 0x0000000100000000)
  eden space 32768K, 100% used [0x00000000e0000000,0x00000000e2000000,0x00000000e2000000)
  from space 5120K, 82% used [0x00000000e2000000,0x00000000e2426468,0x00000000e2500000)
  to   space 5120K, 0% used [0x00000000e2500000,0x00000000e2500000,0x00000000e2a00000)
 ParOldGen       total 86016K, used 8K [0x00000000a0000000, 0x00000000a5400000, 0x00000000e0000000)
  object space 86016K, 0% used [0x00000000a0000000,0x00000000a0002000,0x00000000a5400000)
 Metaspace       used 7882K, capacity 8122K, committed 8320K, reserved 1056768K
  class space    used 1010K, capacity 1077K, committed 1152K, reserved 1048576K
Event: 1.220 GC heap after
Heap after GC invocations=2 (full 0):
 PSYoungGen      total 37888K, used 3869K [0x00000000e0000000, 0x00000000e4a00000, 0x0000000100000000)
  eden space 32768K, 0% used [0x00000000e0000000,0x00000000e0000000,0x00000000e2000000)
  from space 5120K, 75% used [0x00000000e2500000,0x00000000e28c77b0,0x00000000e2a00000)
  to   space 5120K, 0% used [0x00000000e2000000,0x00000000e2000000,0x00000000e2500000)
 ParOldGen       total 86016K, used 16K [0x00000000a0000000, 0x00000000a5400000, 0x00000000e0000000)
  object space 86016K, 0% used [0x00000000a0000000,0x00000000a0004000,0x00000000a5400000)
 Metaspace       used 7882K, capacity 8122K, committed 8320K, reserved 1056768K
  class space    used 1010K, capacity 1077K, committed 1152K, reserved 1048576K
}
Event: 2.670 GC heap before
{Heap before GC invocations=3 (full 0):
 PSYoungGen      total 37888K, used 36637K [0x00000000e0000000, 0x00000000e4a00000, 0x0000000100000000)
  eden space 32768K, 100% used [0x00000000e0000000,0x00000000e2000000,0x00000000e2000000)
  from space 5120K, 75% used [0x00000000e2500000,0x00000000e28c77b0,0x00000000e2a00000)
  to   space 5120K, 0% used [0x00000000e2000000,0x00000000e2000000,0x00000000e2500000)
 ParOldGen       total 86016K, used 16K [0x00000000a0000000, 0x00000000a5400000, 0x00000000e0000000)
  object space 86016K, 0% used [0x00000000a0000000,0x00000000a0004000,0x00000000a5400000)
 Metaspace       used 12805K, capacity 13196K, committed 13440K, reserved 1060864K
  class space    used 1754K, capacity 1868K, committed 1920K, reserved 1048576K
Event: 2.678 GC heap after
Heap after GC invocations=3 (full 0):
 PSYoungGen      total 37888K, used 5101K [0x00000000e0000000, 0x00000000e2a00000, 0x0000000100000000)
  eden space 32768K, 0% used [0x00000000e0000000,0x00000000e0000000,0x00000000e2000000)
  from space 5120K, 99% used [0x00000000e2000000,0x00000000e24fb430,0x00000000e2500000)
  to   space 5120K, 0% used [0x00000000e2500000,0x00000000e2500000,0x00000000e2a00000)
 ParOldGen       total 86016K, used 1548K [0x00000000a0000000, 0x00000000a5400000, 0x00000000e0000000)
  object space 86016K, 1% used [0x00000000a0000000,0x00000000a01833c8,0x00000000a5400000)
 Metaspace       used 12805K, capacity 13196K, committed 13440K, reserved 1060864K
  class space    used 1754K, capacity 1868K, committed 1920K, reserved 1048576K
}
Event: 2.944 GC heap before
{Heap before GC invocations=4 (full 0):
 PSYoungGen      total 37888K, used 37869K [0x00000000e0000000, 0x00000000e2a00000, 0x0000000100000000)
  eden space 32768K, 100% used [0x00000000e0000000,0x00000000e2000000,0x00000000e2000000)
  from space 5120K, 99% used [0x00000000e2000000,0x00000000e24fb430,0x00000000e2500000)
  to   space 5120K, 0% used [0x00000000e2500000,0x00000000e2500000,0x00000000e2a00000)
 ParOldGen       total 86016K, used 1548K [0x00000000a0000000, 0x00000000a5400000, 0x00000000e0000000)
  object space 86016K, 1% used [0x00000000a0000000,0x00000000a01833c8,0x00000000a5400000)
 Metaspace       used 15615K, capacity 16034K, committed 16256K, reserved 1062912K
  class space    used 2221K, capacity 2393K, committed 2432K, reserved 1048576K
Event: 2.954 GC heap after
Heap after GC invocations=4 (full 0):
 PSYoungGen      total 37888K, used 5088K [0x00000000e0000000, 0x00000000e2a00000, 0x0000000100000000)
  eden space 32768K, 0% used [0x00000000e0000000,0x00000000e0000000,0x00000000e2000000)
  from space 5120K, 99% used [0x00000000e2500000,0x00000000e29f8020,0x00000000e2a00000)
  to   space 5120K, 0% used [0x00000000e2000000,0x00000000e2000000,0x00000000e2500000)
 ParOldGen       total 86016K, used 4733K [0x00000000a0000000, 0x00000000a5400000, 0x00000000e0000000)
  object space 86016K, 5% used [0x00000000a0000000,0x00000000a049f4b8,0x00000000a5400000)
 Metaspace       used 15615K, capacity 16034K, committed 16256K, reserved 1062912K
  class space    used 2221K, capacity 2393K, committed 2432K, reserved 1048576K
}

Deoptimization events (10 events):
Event: 2.492 Thread 0x000000001a4eb000 Uncommon trap: reason=unstable_if action=reinterpret pc=0x00000000029e0bb0 method=java.util.concurrent.ConcurrentHashMap.putVal(Ljava/lang/Object;Ljava/lang/Object;Z)Ljava/lang/Object; @ 206
Event: 2.555 Thread 0x000000001a10c800 Uncommon trap: reason=bimorphic action=maybe_recompile pc=0x00000000028db2f0 method=java.util.HashMap.putVal(ILjava/lang/Object;Ljava/lang/Object;ZZ)Ljava/lang/Object; @ 253
Event: 2.556 Thread 0x000000001a10c800 Uncommon trap: reason=bimorphic action=maybe_recompile pc=0x00000000028db2f0 method=java.util.HashMap.putVal(ILjava/lang/Object;Ljava/lang/Object;ZZ)Ljava/lang/Object; @ 253
Event: 2.556 Thread 0x000000001a10c800 Uncommon trap: reason=bimorphic action=maybe_recompile pc=0x00000000028db2f0 method=java.util.HashMap.putVal(ILjava/lang/Object;Ljava/lang/Object;ZZ)Ljava/lang/Object; @ 253
Event: 2.712 Thread 0x000000001a10c800 Uncommon trap: reason=class_check action=maybe_recompile pc=0x0000000002915e58 method=java.util.regex.Matcher.match(II)Z @ 86
Event: 2.721 Thread 0x000000001a10c800 Uncommon trap: reason=class_check action=maybe_recompile pc=0x0000000002915e58 method=java.util.regex.Matcher.match(II)Z @ 86
Event: 2.721 Thread 0x000000001a10c800 Uncommon trap: reason=class_check action=maybe_recompile pc=0x0000000002915e58 method=java.util.regex.Matcher.match(II)Z @ 86
Event: 2.722 Thread 0x000000001a10c800 Uncommon trap: reason=class_check action=maybe_recompile pc=0x00000000028cfedc method=java.util.regex.Matcher.match(II)Z @ 86
Event: 2.869 Thread 0x000000001a10c800 Uncommon trap: reason=unstable_if action=reinterpret pc=0x00000000029d9574 method=java.lang.String.lastIndexOf([CII[CIII)I @ 66
Event: 3.151 Thread 0x000000001a10c800 Uncommon trap: reason=unstable_if action=reinterpret pc=0x0000000002910c58 method=java.io.File.getName()Ljava/lang/String; @ 16

Classes redefined (0 events):
No events

Internal exceptions (10 events):
Event: 2.495 Thread 0x000000001a4eb000 Exception <a 'java/lang/NoSuchMethodError': <clinit>> (0x00000000e0eec318) thrown at [C:\src\AOSP-openjdk-git\hotspot\src\share\vm\prims\jni.cpp, line 1615]
Event: 2.496 Thread 0x000000001a4eb000 Exception <a 'java/lang/NoSuchMethodError': <clinit>> (0x00000000e0f00d28) thrown at [C:\src\AOSP-openjdk-git\hotspot\src\share\vm\prims\jni.cpp, line 1615]
Event: 2.500 Thread 0x000000001a4eb000 Exception <a 'java/lang/NoSuchMethodError': <clinit>> (0x00000000e0f135f0) thrown at [C:\src\AOSP-openjdk-git\hotspot\src\share\vm\prims\jni.cpp, line 1615]
Event: 2.504 Thread 0x000000001a4eb000 Exception <a 'java/lang/NoSuchMethodError': <clinit>> (0x00000000e0f3a208) thrown at [C:\src\AOSP-openjdk-git\hotspot\src\share\vm\prims\jni.cpp, line 1615]
Event: 2.507 Thread 0x000000001a4eb000 Exception <a 'java/lang/NoSuchMethodError': <clinit>> (0x00000000e0f51d08) thrown at [C:\src\AOSP-openjdk-git\hotspot\src\share\vm\prims\jni.cpp, line 1615]
Event: 2.508 Thread 0x000000001a4eb000 Exception <a 'java/lang/NoSuchMethodError': <clinit>> (0x00000000e0f5a8a8) thrown at [C:\src\AOSP-openjdk-git\hotspot\src\share\vm\prims\jni.cpp, line 1615]
Event: 2.510 Thread 0x000000001a4eb000 Exception <a 'java/lang/NoSuchMethodError': <clinit>> (0x00000000e0f70b70) thrown at [C:\src\AOSP-openjdk-git\hotspot\src\share\vm\prims\jni.cpp, line 1615]
Event: 2.519 Thread 0x000000001a4eb000 Exception <a 'java/lang/NoSuchMethodError': <clinit>> (0x00000000e0fd6248) thrown at [C:\src\AOSP-openjdk-git\hotspot\src\share\vm\prims\jni.cpp, line 1615]
Event: 2.527 Thread 0x000000001a4eb000 Exception <a 'java/lang/NoSuchMethodError': <clinit>> (0x00000000e1001fe8) thrown at [C:\src\AOSP-openjdk-git\hotspot\src\share\vm\prims\jni.cpp, line 1615]
Event: 2.529 Thread 0x000000001a4eb000 Exception <a 'java/lang/NoSuchMethodError': <clinit>> (0x00000000e101e9c0) thrown at [C:\src\AOSP-openjdk-git\hotspot\src\share\vm\prims\jni.cpp, line 1615]

Events (10 events):
Event: 3.154 loading class org/gradle/internal/operations/BuildOperationContext
Event: 3.154 loading class org/gradle/internal/operations/BuildOperationContext done
Event: 3.154 loading class org/gradle/internal/operations/OperationIdentifier
Event: 3.154 loading class org/gradle/internal/operations/OperationIdentifier done
Event: 3.154 loading class org/gradle/internal/MutableReference
Event: 3.154 loading class org/gradle/internal/MutableReference done
Event: 3.154 loading class org/gradle/internal/operations/DefaultBuildOperationExecutor$DefaultBuildOperationContext
Event: 3.154 loading class org/gradle/internal/operations/DefaultBuildOperationExecutor$DefaultBuildOperationContext done
Event: 3.155 loading class org/gradle/internal/operations/DefaultBuildOperationExecutor$3
Event: 3.155 loading class org/gradle/internal/operations/DefaultBuildOperationExecutor$3 done


Dynamic libraries:
0x00007ff7a6bb0000 - 0x00007ff7a6be1000 	C:\Program Files\Android\Android Studio\jre\bin\java.exe
0x00007fff141c0000 - 0x00007fff143b0000 	C:\WINDOWS\SYSTEM32\ntdll.dll
0x00007fff13b50000 - 0x00007fff13c02000 	C:\WINDOWS\System32\KERNEL32.DLL
0x00007fff11550000 - 0x00007fff117f4000 	C:\WINDOWS\System32\KERNELBASE.dll
0x00007fff12640000 - 0x00007fff126e3000 	C:\WINDOWS\System32\ADVAPI32.dll
0x00007fff13d90000 - 0x00007fff13e2e000 	C:\WINDOWS\System32\msvcrt.dll
0x00007fff13860000 - 0x00007fff138f7000 	C:\WINDOWS\System32\sechost.dll
0x00007fff13c70000 - 0x00007fff13d90000 	C:\WINDOWS\System32\RPCRT4.dll
0x00007fff136b0000 - 0x00007fff13844000 	C:\WINDOWS\System32\USER32.dll
0x00007fff113f0000 - 0x00007fff11411000 	C:\WINDOWS\System32\win32u.dll
0x00007fff140d0000 - 0x00007fff140f6000 	C:\WINDOWS\System32\GDI32.dll
0x00007fff11250000 - 0x00007fff113e4000 	C:\WINDOWS\System32\gdi32full.dll
0x00007fff114b0000 - 0x00007fff1154e000 	C:\WINDOWS\System32\msvcp_win.dll
0x00007fff11150000 - 0x00007fff1124a000 	C:\WINDOWS\System32\ucrtbase.dll
0x00007ffeff8f0000 - 0x00007ffeffb74000 	C:\WINDOWS\WinSxS\amd64_microsoft.windows.common-controls_6595b64144ccf1df_6.0.18362.836_none_e6c4b943130f18ed\COMCTL32.dll
0x00007fff127d0000 - 0x00007fff12b06000 	C:\WINDOWS\System32\combase.dll
0x00007fff118d0000 - 0x00007fff11950000 	C:\WINDOWS\System32\bcryptPrimitives.dll
0x00007fff13680000 - 0x00007fff136ae000 	C:\WINDOWS\System32\IMM32.DLL
0x0000000065a10000 - 0x0000000065ae2000 	C:\Program Files\Android\Android Studio\jre\jre\bin\msvcr100.dll
0x0000000065af0000 - 0x000000006633b000 	C:\Program Files\Android\Android Studio\jre\jre\bin\server\jvm.dll
0x00007fff127c0000 - 0x00007fff127c8000 	C:\WINDOWS\System32\PSAPI.DLL
0x00007ffefc030000 - 0x00007ffefc039000 	C:\WINDOWS\SYSTEM32\WSOCK32.dll
0x00007fff08750000 - 0x00007fff0875a000 	C:\WINDOWS\SYSTEM32\VERSION.dll
0x00007fff0ed10000 - 0x00007fff0ed34000 	C:\WINDOWS\SYSTEM32\WINMM.dll
0x00007fff13900000 - 0x00007fff1396f000 	C:\WINDOWS\System32\WS2_32.dll
0x00007fff0e840000 - 0x00007fff0e86d000 	C:\WINDOWS\SYSTEM32\WINMMBASE.dll
0x00007fff11950000 - 0x00007fff1199a000 	C:\WINDOWS\System32\cfgmgr32.dll
0x00007fff0ef30000 - 0x00007fff0ef3f000 	C:\Program Files\Android\Android Studio\jre\jre\bin\verify.dll
0x00007fff0eee0000 - 0x00007fff0ef09000 	C:\Program Files\Android\Android Studio\jre\jre\bin\java.dll
0x00007fff0d270000 - 0x00007fff0d286000 	C:\Program Files\Android\Android Studio\jre\jre\bin\zip.dll
0x00007fff12f80000 - 0x00007fff13664000 	C:\WINDOWS\System32\SHELL32.dll
0x00007fff124a0000 - 0x00007fff12549000 	C:\WINDOWS\System32\shcore.dll
0x00007fff119a0000 - 0x00007fff1211e000 	C:\WINDOWS\System32\windows.storage.dll
0x00007fff110d0000 - 0x00007fff110f3000 	C:\WINDOWS\System32\profapi.dll
0x00007fff11100000 - 0x00007fff1114a000 	C:\WINDOWS\System32\powrprof.dll
0x00007fff11080000 - 0x00007fff11090000 	C:\WINDOWS\System32\UMPDC.dll
0x00007fff13af0000 - 0x00007fff13b42000 	C:\WINDOWS\System32\shlwapi.dll
0x00007fff11090000 - 0x00007fff110a1000 	C:\WINDOWS\System32\kernel.appcore.dll
0x00007fff11800000 - 0x00007fff11817000 	C:\WINDOWS\System32\cryptsp.dll
0x00007fff0c460000 - 0x00007fff0c47a000 	C:\Program Files\Android\Android Studio\jre\jre\bin\net.dll
0x00007fff10890000 - 0x00007fff108f7000 	C:\WINDOWS\system32\mswsock.dll
0x00007fff0c440000 - 0x00007fff0c453000 	C:\Program Files\Android\Android Studio\jre\jre\bin\nio.dll
0x00007fff091f0000 - 0x00007fff09216000 	C:\Users\SHRIRAM G\.gradle\native\29\windows-amd64\native-platform.dll
0x00007fff0d600000 - 0x00007fff0d60d000 	C:\Program Files\Android\Android Studio\jre\jre\bin\management.dll
0x00007fff10400000 - 0x00007fff10433000 	C:\WINDOWS\system32\rsaenh.dll
0x00007fff11420000 - 0x00007fff11446000 	C:\WINDOWS\System32\bcrypt.dll
0x00007fff10fa0000 - 0x00007fff10fc5000 	C:\WINDOWS\SYSTEM32\USERENV.dll
0x00007fff10a60000 - 0x00007fff10a6c000 	C:\WINDOWS\SYSTEM32\CRYPTBASE.dll
0x00007fff105a0000 - 0x00007fff105da000 	C:\WINDOWS\SYSTEM32\IPHLPAPI.DLL
0x00007fff13850000 - 0x00007fff13858000 	C:\WINDOWS\System32\NSI.dll
0x00007fff043d0000 - 0x00007fff043e6000 	C:\WINDOWS\SYSTEM32\dhcpcsvc6.DLL
0x00007fff088c0000 - 0x00007fff088dc000 	C:\WINDOWS\SYSTEM32\dhcpcsvc.DLL
0x00007fff105e0000 - 0x00007fff106ab000 	C:\WINDOWS\SYSTEM32\DNSAPI.dll

VM Arguments:
jvm_args: -Xmx1536M -Dfile.encoding=windows-1252 -Duser.country=IN -Duser.language=en -Duser.variant 
java_command: org.gradle.launcher.daemon.bootstrap.GradleDaemon 5.4.1
java_class_path (initial): C:\Users\SHRIRAM G\.gradle\wrapper\dists\gradle-5.4.1-all\3221gyojl5jsh0helicew7rwx\gradle-5.4.1\lib\gradle-launcher-5.4.1.jar
Launcher Type: SUN_STANDARD

Environment Variables:
PATH=C:\Program Files\Java\jdk1.8.0_241\bin;C:\Users\SHRIRAM G\Anaconda3;C:\Users\SHRIRAM G\Anaconda3\Library\mingw-w64\bin;C:\Users\SHRIRAM G\Anaconda3\Library\usr\bin;C:\Users\SHRIRAM G\Anaconda3\Library\bin;C:\Users\SHRIRAM G\Anaconda3\Scripts;C:\Program Files (x86)\Google\Chrome\Application;C:\oraclexe\app\oracle\product\10.2.0\server\bin;C:\Program Files (x86)\Intel\iCLS Client\;C:\Program Files\Intel\iCLS Client\;C:\Windows\system32;C:\Windows;C:\Windows\System32\Wbem;C:\Windows\System32\WindowsPowerShell\v1.0\;C:\Program Files (x86)\Intel\Intel(R) Management Engine Components\DAL;C:\Program Files\Intel\Intel(R) Management Engine Components\DAL;C:\Program Files (x86)\Intel\Intel(R) Management Engine Components\IPT;C:\Program Files\Intel\Intel(R) Management Engine Components\IPT;C:\Program Files (x86)\NVIDIA Corporation\PhysX\Common;C:\WINDOWS\system32;C:\WINDOWS;C:\WINDOWS\System32\Wbem;C:\WINDOWS\System32\WindowsPowerShell\v1.0\;C:\WINDOWS\System32\OpenSSH\;C:\Program Files\Intel\WiFi\bin\;C:\Program Files\Common Files\Intel\WirelessCommon\;C:\x
USERNAME=SHRIRAM G
OS=Windows_NT
PROCESSOR_IDENTIFIER=Intel64 Family 6 Model 158 Stepping 9, GenuineIntel



---------------  S Y S T E M  ---------------

OS: Windows 10.0 , 64 bit Build 18362 (10.0.18362.778)

CPU:total 8 (initial active 8) (4 cores per cpu, 2 threads per core) family 6 model 158 stepping 9, cmov, cx8, fxsr, mmx, sse, sse2, sse3, ssse3, sse4.1, sse4.2, popcnt, avx, avx2, aes, clmul, erms, 3dnowpref, lzcnt, ht, tsc, tscinvbit, bmi1, bmi2, adx

Memory: 4k page, physical 8247252k(1490432k free), swap 10194900k(5124k free)

vm_info: OpenJDK 64-Bit Server VM (25.242-b01) for windows-amd64 JRE (1.8.0_242-release-1644-b01), built by "builder" with MS VC++ 10.0 (VS2010)

time: Thu Jun 11 18:18:14 2020
timezone: India Standard Time
elapsed time: 3 seconds (0d 0h 0m 3s)

