#
# There is insufficient memory for the Java Runtime Environment to continue.
# Native memory allocation (malloc) failed to allocate 1054720 bytes for Chunk::new
# Possible reasons:
#   The system is out of physical RAM or swap space
#   The process is running with CompressedOops enabled, and the Java Heap may be blocking the growth of the native heap
# Possible solutions:
#   Reduce memory load on the system
#   Increase physical memory or swap space
#   Check if swap backing store is full
#   Decrease Java heap size (-Xmx/-Xms)
#   Decrease number of Java threads
#   Decrease Java thread stack sizes (-Xss)
#   Set larger code cache with -XX:ReservedCodeCacheSize=
#   JVM is running with Unscaled Compressed Oops mode in which the Java heap is
#     placed in the first 4GB address space. The Java Heap base address is the
#     maximum limit for the native heap growth. Please use -XX:HeapBaseMinAddress
#     to set the Java Heap base and to place the Java Heap above 4GB virtual address.
# This output file may be truncated or incomplete.
#
#  Out of Memory Error (allocation.cpp:389), pid=2500, tid=0x0000000000002804
#
# JRE version: OpenJDK Runtime Environment (8.0_242-b01) (build 1.8.0_242-release-1644-b01)
# Java VM: OpenJDK 64-Bit Server VM (25.242-b01 mixed mode windows-amd64 compressed oops)
# Failed to write core dump. Minidumps are not enabled by default on client versions of Windows
#

---------------  T H R E A D  ---------------

Current thread (0x0000000017a76000):  JavaThread "C2 CompilerThread0" daemon [_thread_in_native, id=10244, stack(0x0000000018340000,0x0000000018440000)]

Stack: [0x0000000018340000,0x0000000018440000]
[error occurred during error reporting (printing stack bounds), id 0xc0000005]

Native frames: (J=compiled Java code, j=interpreted, Vv=VM code, C=native code)


Current CompileTask:
C2:  19041 11037       4       com.android.tools.r8.code.d0::a (11 bytes)


---------------  P R O C E S S  ---------------

Java Threads: ( => current thread )
  0x000000001dc4c800 JavaThread "ForkJoinPool-2-worker-0" daemon [_thread_blocked, id=748, stack(0x00000000281e0000,0x00000000282e0000)]
  0x000000001dc4b000 JavaThread "ForkJoinPool-2-worker-7" daemon [_thread_blocked, id=6680, stack(0x00000000280e0000,0x00000000281e0000)]
  0x000000001dc48800 JavaThread "ForkJoinPool-2-worker-6" daemon [_thread_blocked, id=1852, stack(0x0000000027fe0000,0x00000000280e0000)]
  0x000000001dc4a000 JavaThread "ForkJoinPool-2-worker-5" daemon [_thread_blocked, id=14372, stack(0x0000000027ee0000,0x0000000027fe0000)]
  0x000000001dc4b800 JavaThread "ForkJoinPool-2-worker-4" daemon [_thread_blocked, id=1816, stack(0x0000000027de0000,0x0000000027ee0000)]
  0x000000001dc45000 JavaThread "ForkJoinPool-2-worker-3" daemon [_thread_blocked, id=11692, stack(0x0000000027ce0000,0x0000000027de0000)]
  0x000000001dc48000 JavaThread "ForkJoinPool-2-worker-2" daemon [_thread_blocked, id=4016, stack(0x0000000027be0000,0x0000000027ce0000)]
  0x000000001dc47000 JavaThread "ForkJoinPool-2-worker-1" daemon [_thread_blocked, id=13528, stack(0x0000000027ae0000,0x0000000027be0000)]
  0x000000001d440000 JavaThread "stdout" [_thread_in_native, id=4468, stack(0x0000000027260000,0x0000000027360000)]
  0x000000001d442000 JavaThread "stderr" [_thread_in_native, id=14792, stack(0x0000000027160000,0x0000000027260000)]
  0x000000001d43f000 JavaThread "pool-2-thread-1" [_thread_blocked, id=11924, stack(0x0000000027060000,0x0000000027160000)]
  0x000000001d441800 JavaThread "WorkerExecutor Queue Thread 4" [_thread_blocked, id=4044, stack(0x0000000026f60000,0x0000000027060000)]
  0x000000001d43e800 JavaThread "WorkerExecutor Queue Thread 3" [_thread_blocked, id=10376, stack(0x0000000026e60000,0x0000000026f60000)]
  0x000000001d43a800 JavaThread "WorkerExecutor Queue Thread 2" [_thread_blocked, id=13348, stack(0x00000000249e0000,0x0000000024ae0000)]
  0x000000001d43b800 JavaThread "WorkerExecutor Queue" [_thread_in_Java, id=10048, stack(0x00000000248e0000,0x00000000249e0000)]
  0x000000001d434000 JavaThread "Cache worker for execution history cache (C:\Users\SHRIRAM G\AndroidStudioProjects\COVID19-HACKATHON(UTTARPRADESH)\.gradle\5.4.1\executionHistory)" [_thread_blocked, id=4820, stack(0x00000000245e0000,0x00000000246e0000)]
  0x00000000214e0800 JavaThread "Execution worker for ':' Thread 7" [_thread_blocked, id=7292, stack(0x0000000025390000,0x0000000025490000)]
  0x00000000214df000 JavaThread "Execution worker for ':' Thread 6" [_thread_blocked, id=6176, stack(0x0000000025290000,0x0000000025390000)]
  0x00000000214e6000 JavaThread "Execution worker for ':' Thread 5" [_thread_blocked, id=12860, stack(0x0000000025190000,0x0000000025290000)]
  0x00000000214e5800 JavaThread "Execution worker for ':' Thread 4" [_thread_blocked, id=11776, stack(0x0000000025090000,0x0000000025190000)]
  0x00000000214e4000 JavaThread "Execution worker for ':' Thread 3" [_thread_blocked, id=14392, stack(0x0000000024f90000,0x0000000025090000)]
  0x00000000214e4800 JavaThread "Execution worker for ':' Thread 2" [_thread_blocked, id=10184, stack(0x0000000024e90000,0x0000000024f90000)]
  0x00000000214e2800 JavaThread "Execution worker for ':'" [_thread_blocked, id=13568, stack(0x0000000024d90000,0x0000000024e90000)]
  0x000000001cdc3800 JavaThread "Cache worker for file content cache (C:\Users\SHRIRAM G\AndroidStudioProjects\COVID19-HACKATHON(UTTARPRADESH)\.gradle\5.4.1\fileContent)" [_thread_blocked, id=14244, stack(0x0000000023870000,0x0000000023970000)]
  0x000000001cdc5800 JavaThread "Cache worker for file content cache (C:\Users\SHRIRAM G\.gradle\caches\5.4.1\fileContent)" [_thread_blocked, id=14496, stack(0x0000000023770000,0x0000000023870000)]
  0x000000001cdc5000 JavaThread "Memory manager" [_thread_blocked, id=14224, stack(0x00000000219f0000,0x0000000021af0000)]
  0x000000001cdc1800 JavaThread "Cache worker for Build Output Cleanup Cache (C:\Users\SHRIRAM G\AndroidStudioProjects\COVID19-HACKATHON(UTTARPRADESH)\.gradle\buildOutputCleanup)" [_thread_blocked, id=15140, stack(0x0000000022e70000,0x0000000022f70000)]
  0x000000001cdc0000 JavaThread "Build operations Thread 8" [_thread_blocked, id=14960, stack(0x0000000022560000,0x0000000022660000)]
  0x000000001cdb9800 JavaThread "Build operations Thread 7" [_thread_blocked, id=14644, stack(0x0000000022460000,0x0000000022560000)]
  0x000000001cdbc800 JavaThread "Build operations Thread 6" [_thread_blocked, id=14788, stack(0x0000000022360000,0x0000000022460000)]
  0x000000001cdbb000 JavaThread "Build operations Thread 5" [_thread_blocked, id=13280, stack(0x0000000022260000,0x0000000022360000)]
  0x000000001cdb8800 JavaThread "Build operations Thread 4" [_thread_blocked, id=13460, stack(0x0000000022160000,0x0000000022260000)]
  0x000000001cdbf800 JavaThread "Build operations Thread 3" [_thread_blocked, id=10400, stack(0x0000000022060000,0x0000000022160000)]
  0x000000001cdb8000 JavaThread "Build operations Thread 2" [_thread_blocked, id=12736, stack(0x0000000021f60000,0x0000000022060000)]
  0x000000001cdbe800 JavaThread "Build operations" [_thread_blocked, id=13820, stack(0x00000000217e0000,0x00000000218e0000)]
  0x000000001cdba000 JavaThread "Cache worker for execution history cache (C:\Users\SHRIRAM G\.gradle\caches\5.4.1\executionHistory)" [_thread_blocked, id=4248, stack(0x00000000218f0000,0x00000000219f0000)]
  0x000000001cdb7000 JavaThread "Cache worker for cache directory md-rule (C:\Users\SHRIRAM G\.gradle\caches\5.4.1\md-rule)" [_thread_blocked, id=7396, stack(0x0000000020220000,0x0000000020320000)]
  0x000000001cdbb800 JavaThread "Cache worker for cache directory md-supplier (C:\Users\SHRIRAM G\.gradle\caches\5.4.1\md-supplier)" [_thread_blocked, id=13976, stack(0x000000001f100000,0x000000001f200000)]
  0x0000000017a86000 JavaThread "Cache worker for file hash cache (C:\Users\SHRIRAM G\AndroidStudioProjects\COVID19-HACKATHON(UTTARPRADESH)\.gradle\5.4.1\fileHashes)" [_thread_blocked, id=1736, stack(0x000000001ea00000,0x000000001eb00000)]
  0x0000000017a87000 JavaThread "Cache worker for journal cache (C:\Users\SHRIRAM G\.gradle\caches\journal-1)" [_thread_blocked, id=8480, stack(0x000000001c560000,0x000000001c660000)]
  0x0000000017a89000 JavaThread "File lock request listener" [_thread_in_native, id=8804, stack(0x000000001c460000,0x000000001c560000)]
  0x0000000019a02800 JavaThread "Cache worker for file hash cache (C:\Users\SHRIRAM G\.gradle\caches\5.4.1\fileHashes)" [_thread_blocked, id=308, stack(0x000000001c360000,0x000000001c460000)]
  0x000000001a01c000 JavaThread "Thread-9" [_thread_blocked, id=10900, stack(0x000000001c260000,0x000000001c360000)]
  0x0000000018981800 JavaThread "Stdin handler" [_thread_blocked, id=14976, stack(0x000000001c160000,0x000000001c260000)]
  0x000000001898f800 JavaThread "Asynchronous log dispatcher for DefaultDaemonConnection: socket connection from /127.0.0.1:50198 to /127.0.0.1:50199" [_thread_blocked, id=11684, stack(0x000000001c060000,0x000000001c160000)]
  0x000000001898a000 JavaThread "Daemon worker" [_thread_blocked, id=10568, stack(0x000000001bf60000,0x000000001c060000)]
  0x0000000018989800 JavaThread "Cancel handler" [_thread_blocked, id=14728, stack(0x000000001be60000,0x000000001bf60000)]
  0x0000000019f90800 JavaThread "Handler for socket connection from /127.0.0.1:50198 to /127.0.0.1:50199" [_thread_in_native, id=14332, stack(0x000000001bb60000,0x000000001bc60000)]
  0x0000000019e9e000 JavaThread "Daemon" [_thread_blocked, id=4156, stack(0x000000001ba60000,0x000000001bb60000)]
  0x0000000019bdc000 JavaThread "Daemon periodic checks" [_thread_blocked, id=4708, stack(0x000000001b960000,0x000000001ba60000)]
  0x000000001a60c000 JavaThread "Incoming local TCP Connector on port 50198" [_thread_in_native, id=14220, stack(0x000000001b720000,0x000000001b820000)]
  0x000000001a2fb800 JavaThread "Daemon health stats" [_thread_blocked, id=12496, stack(0x000000001b0e0000,0x000000001b1e0000)]
  0x0000000017b0c800 JavaThread "Service Thread" daemon [_thread_blocked, id=6136, stack(0x0000000018740000,0x0000000018840000)]
  0x0000000017a88800 JavaThread "C1 CompilerThread3" daemon [_thread_blocked, id=12256, stack(0x0000000018640000,0x0000000018740000)]
  0x0000000017a7a800 JavaThread "C2 CompilerThread2" daemon [_thread_in_native, id=11364, stack(0x0000000018540000,0x0000000018640000)]
  0x0000000015c6e000 JavaThread "C2 CompilerThread1" daemon [_thread_in_native, id=12656, stack(0x0000000018440000,0x0000000018540000)]
=>0x0000000017a76000 JavaThread "C2 CompilerThread0" daemon [_thread_in_native, id=10244, stack(0x0000000018340000,0x0000000018440000)]
  0x0000000017a74800 JavaThread "Attach Listener" daemon [_thread_blocked, id=12664, stack(0x0000000018240000,0x0000000018340000)]
  0x0000000017a73000 JavaThread "Signal Dispatcher" daemon [_thread_blocked, id=1348, stack(0x0000000018140000,0x0000000018240000)]
  0x000000000313c800 JavaThread "Finalizer" daemon [_thread_blocked, id=13604, stack(0x0000000017f40000,0x0000000018040000)]
  0x0000000017a60800 JavaThread "Reference Handler" daemon [_thread_blocked, id=11676, stack(0x0000000017e40000,0x0000000017f40000)]
  0x000000000303e800 JavaThread "main" [_thread_blocked, id=14452, stack(0x0000000002e90000,0x0000000002f90000)]

Other Threads:
  0x0000000015c58000 VMThread [stack: 0x0000000017940000,0x0000000017a40000] [id=13380]
  0x0000000017b0d000 WatcherThread [stack: 0x0000000018840000,0x0000000018940000] [id=13188]

VM state:not at safepoint (normal execution)

VM Mutex/Monitor currently owned by a thread: None

heap address: 0x00000000c0000000, size: 1024 MB, Compressed Oops mode: 32-bit
Narrow klass base: 0x0000000000000000, Narrow klass shift: 3
Compressed class space size: 1073741824 Address: 0x0000000100000000

Heap:
 PSYoungGen      total 261632K, used 150609K [0x00000000eab00000, 0x0000000100000000, 0x0000000100000000)
  eden space 200704K, 66% used [0x00000000eab00000,0x00000000f2c77640,0x00000000f6f00000)
  from space 60928K, 29% used [0x00000000f6f00000,0x00000000f809cf18,0x00000000faa80000)
  to   space 87552K, 0% used [0x00000000faa80000,0x00000000faa80000,0x0000000100000000)
 ParOldGen       total 195584K, used 195551K [0x00000000c0000000, 0x00000000cbf00000, 0x00000000eab00000)
  object space 195584K, 99% used [0x00000000c0000000,0x00000000cbef7f20,0x00000000cbf00000)
 Metaspace       used 71176K, capacity 73730K, committed 74368K, reserved 1114112K
  class space    used 9650K, capacity 10181K, committed 10368K, reserved 1048576K

Card table byte_map: [0x0000000012500000,0x0000000012710000] byte_map_base: 0x0000000011f00000

Marking Bits: (ParMarkBitMap*) 0x00000000662bf030
 Begin Bits: [0x0000000013070000, 0x0000000014070000)
 End Bits:   [0x0000000014070000, 0x0000000015070000)

Polling page: 0x0000000000de0000

CodeCache: size=245760Kb used=28519Kb max_used=28519Kb free=217240Kb
 bounds [0x0000000003140000, 0x0000000004d40000, 0x0000000012140000]
 total_blobs=10311 nmethods=9457 adapters=767
 compilation: enabled

Compilation events (10 events):
Event: 19.013 Thread 0x0000000017a88800 11117       2       com.android.tools.r8.code.f::a (1 bytes)
Event: 19.013 Thread 0x0000000017a88800 nmethod 11117 0x0000000004d36b10 code [0x0000000004d36c60, 0x0000000004d36db0]
Event: 19.014 Thread 0x0000000017a88800 11118       1       com.android.tools.r8.code.ArrayLength::a (1 bytes)
Event: 19.014 Thread 0x0000000017a88800 nmethod 11118 0x0000000004d36e50 code [0x0000000004d36fa0, 0x0000000004d370b0]
Event: 19.028 Thread 0x0000000017a88800 11119       1       com.android.tools.r8.code.l::a (1 bytes)
Event: 19.028 Thread 0x0000000017a88800 nmethod 11119 0x0000000004d37110 code [0x0000000004d37260, 0x0000000004d37370]
Event: 19.028 Thread 0x0000000017a88800 11120       1       com.android.tools.r8.code.Aput::a (1 bytes)
Event: 19.028 Thread 0x0000000017a88800 nmethod 11120 0x0000000004d373d0 code [0x0000000004d37520, 0x0000000004d37630]
Event: 19.032 Thread 0x0000000017a88800 11121       1       com.android.tools.r8.code.h::a (1 bytes)
Event: 19.032 Thread 0x0000000017a88800 nmethod 11121 0x0000000004d37690 code [0x0000000004d377e0, 0x0000000004d378f0]

GC Heap History (10 events):
Event: 14.619 GC heap before
{Heap before GC invocations=17 (full 3):
 PSYoungGen      total 180224K, used 180214K [0x00000000eab00000, 0x00000000f8a80000, 0x0000000100000000)
  eden space 162304K, 100% used [0x00000000eab00000,0x00000000f4980000,0x00000000f4980000)
  from space 17920K, 99% used [0x00000000f4980000,0x00000000f5afdb88,0x00000000f5b00000)
  to   space 20992K, 0% used [0x00000000f7600000,0x00000000f7600000,0x00000000f8a80000)
 ParOldGen       total 142848K, used 38417K [0x00000000c0000000, 0x00000000c8b80000, 0x00000000eab00000)
  object space 142848K, 26% used [0x00000000c0000000,0x00000000c2584708,0x00000000c8b80000)
 Metaspace       used 65278K, capacity 67690K, committed 67712K, reserved 1107968K
  class space    used 8798K, capacity 9323K, committed 9344K, reserved 1048576K
Event: 14.648 GC heap after
Heap after GC invocations=17 (full 3):
 PSYoungGen      total 201728K, used 20971K [0x00000000eab00000, 0x00000000f9b80000, 0x0000000100000000)
  eden space 180736K, 0% used [0x00000000eab00000,0x00000000eab00000,0x00000000f5b80000)
  from space 20992K, 99% used [0x00000000f7600000,0x00000000f8a7ae68,0x00000000f8a80000)
  to   space 27136K, 0% used [0x00000000f5b80000,0x00000000f5b80000,0x00000000f7600000)
 ParOldGen       total 142848K, used 47488K [0x00000000c0000000, 0x00000000c8b80000, 0x00000000eab00000)
  object space 142848K, 33% used [0x00000000c0000000,0x00000000c2e60240,0x00000000c8b80000)
 Metaspace       used 65278K, capacity 67690K, committed 67712K, reserved 1107968K
  class space    used 8798K, capacity 9323K, committed 9344K, reserved 1048576K
}
Event: 15.612 GC heap before
{Heap before GC invocations=18 (full 3):
 PSYoungGen      total 201728K, used 201387K [0x00000000eab00000, 0x00000000f9b80000, 0x0000000100000000)
  eden space 180736K, 99% used [0x00000000eab00000,0x00000000f5b2ff20,0x00000000f5b80000)
  from space 20992K, 99% used [0x00000000f7600000,0x00000000f8a7ae68,0x00000000f8a80000)
  to   space 27136K, 0% used [0x00000000f5b80000,0x00000000f5b80000,0x00000000f7600000)
 ParOldGen       total 142848K, used 47488K [0x00000000c0000000, 0x00000000c8b80000, 0x00000000eab00000)
  object space 142848K, 33% used [0x00000000c0000000,0x00000000c2e60240,0x00000000c8b80000)
 Metaspace       used 67422K, capacity 69960K, committed 70144K, reserved 1110016K
  class space    used 9106K, capacity 9616K, committed 9728K, reserved 1048576K
Event: 15.656 GC heap after
Heap after GC invocations=18 (full 3):
 PSYoungGen      total 207872K, used 27130K [0x00000000eab00000, 0x00000000fd180000, 0x0000000100000000)
  eden space 180736K, 0% used [0x00000000eab00000,0x00000000eab00000,0x00000000f5b80000)
  from space 27136K, 99% used [0x00000000f5b80000,0x00000000f75fe948,0x00000000f7600000)
  to   space 39936K, 0% used [0x00000000faa80000,0x00000000faa80000,0x00000000fd180000)
 ParOldGen       total 142848K, used 71395K [0x00000000c0000000, 0x00000000c8b80000, 0x00000000eab00000)
  object space 142848K, 49% used [0x00000000c0000000,0x00000000c45b8c88,0x00000000c8b80000)
 Metaspace       used 67422K, capacity 69960K, committed 70144K, reserved 1110016K
  class space    used 9106K, capacity 9616K, committed 9728K, reserved 1048576K
}
Event: 16.192 GC heap before
{Heap before GC invocations=19 (full 3):
 PSYoungGen      total 207872K, used 207866K [0x00000000eab00000, 0x00000000fd180000, 0x0000000100000000)
  eden space 180736K, 100% used [0x00000000eab00000,0x00000000f5b80000,0x00000000f5b80000)
  from space 27136K, 99% used [0x00000000f5b80000,0x00000000f75fe948,0x00000000f7600000)
  to   space 39936K, 0% used [0x00000000faa80000,0x00000000faa80000,0x00000000fd180000)
 ParOldGen       total 142848K, used 71395K [0x00000000c0000000, 0x00000000c8b80000, 0x00000000eab00000)
  object space 142848K, 49% used [0x00000000c0000000,0x00000000c45b8c88,0x00000000c8b80000)
 Metaspace       used 69897K, capacity 72564K, committed 72832K, reserved 1112064K
  class space    used 9524K, capacity 10082K, committed 10112K, reserved 1048576K
Event: 16.294 GC heap after
Heap after GC invocations=19 (full 3):
 PSYoungGen      total 240640K, used 39922K [0x00000000eab00000, 0x0000000100000000, 0x0000000100000000)
  eden space 200704K, 0% used [0x00000000eab00000,0x00000000eab00000,0x00000000f6f00000)
  from space 39936K, 99% used [0x00000000faa80000,0x00000000fd17c8a8,0x00000000fd180000)
  to   space 60928K, 0% used [0x00000000f6f00000,0x00000000f6f00000,0x00000000faa80000)
 ParOldGen       total 142848K, used 110953K [0x00000000c0000000, 0x00000000c8b80000, 0x00000000eab00000)
  object space 142848K, 77% used [0x00000000c0000000,0x00000000c6c5a6e8,0x00000000c8b80000)
 Metaspace       used 69897K, capacity 72564K, committed 72832K, reserved 1112064K
  class space    used 9524K, capacity 10082K, committed 10112K, reserved 1048576K
}
Event: 16.938 GC heap before
{Heap before GC invocations=20 (full 3):
 PSYoungGen      total 240640K, used 240626K [0x00000000eab00000, 0x0000000100000000, 0x0000000100000000)
  eden space 200704K, 100% used [0x00000000eab00000,0x00000000f6f00000,0x00000000f6f00000)
  from space 39936K, 99% used [0x00000000faa80000,0x00000000fd17c8a8,0x00000000fd180000)
  to   space 60928K, 0% used [0x00000000f6f00000,0x00000000f6f00000,0x00000000faa80000)
 ParOldGen       total 142848K, used 110953K [0x00000000c0000000, 0x00000000c8b80000, 0x00000000eab00000)
  object space 142848K, 77% used [0x00000000c0000000,0x00000000c6c5a6e8,0x00000000c8b80000)
 Metaspace       used 71092K, capacity 73914K, committed 73984K, reserved 1114112K
  class space    used 9666K, capacity 10229K, committed 10240K, reserved 1048576K
Event: 17.122 GC heap after
Heap after GC invocations=20 (full 3):
 PSYoungGen      total 261632K, used 60906K [0x00000000eab00000, 0x0000000100000000, 0x0000000100000000)
  eden space 200704K, 0% used [0x00000000eab00000,0x00000000eab00000,0x00000000f6f00000)
  from space 60928K, 99% used [0x00000000f6f00000,0x00000000faa7aa78,0x00000000faa80000)
  to   space 87552K, 0% used [0x00000000faa80000,0x00000000faa80000,0x0000000100000000)
 ParOldGen       total 195584K, used 193085K [0x00000000c0000000, 0x00000000cbf00000, 0x00000000eab00000)
  object space 195584K, 98% used [0x00000000c0000000,0x00000000cbc8f4e0,0x00000000cbf00000)
 Metaspace       used 71092K, capacity 73914K, committed 73984K, reserved 1114112K
  class space    used 9666K, capacity 10229K, committed 10240K, reserved 1048576K
}
Event: 17.122 GC heap before
{Heap before GC invocations=21 (full 4):
 PSYoungGen      total 261632K, used 60906K [0x00000000eab00000, 0x0000000100000000, 0x0000000100000000)
  eden space 200704K, 0% used [0x00000000eab00000,0x00000000eab00000,0x00000000f6f00000)
  from space 60928K, 99% used [0x00000000f6f00000,0x00000000faa7aa78,0x00000000faa80000)
  to   space 87552K, 0% used [0x00000000faa80000,0x00000000faa80000,0x0000000100000000)
 ParOldGen       total 195584K, used 193085K [0x00000000c0000000, 0x00000000cbf00000, 0x00000000eab00000)
  object space 195584K, 98% used [0x00000000c0000000,0x00000000cbc8f4e0,0x00000000cbf00000)
 Metaspace       used 71092K, capacity 73914K, committed 73984K, reserved 1114112K
  class space    used 9666K, capacity 10229K, committed 10240K, reserved 1048576K
Event: 17.939 GC heap after
Heap after GC invocations=21 (full 4):
 PSYoungGen      total 261632K, used 18035K [0x00000000eab00000, 0x0000000100000000, 0x0000000100000000)
  eden space 200704K, 0% used [0x00000000eab00000,0x00000000eab00000,0x00000000f6f00000)
  from space 60928K, 29% used [0x00000000f6f00000,0x00000000f809cf18,0x00000000faa80000)
  to   space 87552K, 0% used [0x00000000faa80000,0x00000000faa80000,0x0000000100000000)
 ParOldGen       total 195584K, used 195551K [0x00000000c0000000, 0x00000000cbf00000, 0x00000000eab00000)
  object space 195584K, 99% used [0x00000000c0000000,0x00000000cbef7f20,0x00000000cbf00000)
 Metaspace       used 70890K, capacity 73330K, committed 73984K, reserved 1114112K
  class space    used 9604K, capacity 10119K, committed 10240K, reserved 1048576K
}

Deoptimization events (10 events):
Event: 18.731 Thread 0x000000001d43b800 Uncommon trap: reason=bimorphic action=maybe_recompile pc=0x0000000004d15414 method=com.android.tools.r8.graph.DexItem.collectIndexedItems(Lcom/android/tools/r8/dex/g;)V @ 4
Event: 18.731 Thread 0x000000001d43b800 Uncommon trap: reason=bimorphic action=maybe_recompile pc=0x0000000004d15414 method=com.android.tools.r8.graph.DexItem.collectIndexedItems(Lcom/android/tools/r8/dex/g;)V @ 4
Event: 18.731 Thread 0x000000001d43b800 Uncommon trap: reason=bimorphic action=maybe_recompile pc=0x0000000004d15414 method=com.android.tools.r8.graph.DexItem.collectIndexedItems(Lcom/android/tools/r8/dex/g;)V @ 4
Event: 18.840 Thread 0x000000001d43b800 Uncommon trap: reason=unstable_if action=reinterpret pc=0x0000000004d230c4 method=com.android.tools.r8.graph.DexCode.a(Lcom/android/tools/r8/dex/g;Lcom/android/tools/r8/graph/DexMethod;I)V @ 141
Event: 18.879 Thread 0x000000001d43b800 Uncommon trap: reason=unstable_if action=reinterpret pc=0x0000000003a41354 method=java.util.HashMap.putVal(ILjava/lang/Object;Ljava/lang/Object;ZZ)Ljava/lang/Object; @ 162
Event: 18.879 Thread 0x000000001d43b800 Uncommon trap: reason=unstable_if action=reinterpret pc=0x0000000003d04eac method=java.util.HashMap.getNode(ILjava/lang/Object;)Ljava/util/HashMap$Node; @ 84
Event: 18.880 Thread 0x000000001d43b800 Uncommon trap: reason=unstable_if action=reinterpret pc=0x000000000347e4fc method=java.util.HashMap.resize()[Ljava/util/HashMap$Node; @ 206
Event: 18.882 Thread 0x000000001d43b800 Uncommon trap: reason=unstable_if action=reinterpret pc=0x0000000003e6ec68 method=java.util.HashMap.putVal(ILjava/lang/Object;Ljava/lang/Object;ZZ)Ljava/lang/Object; @ 162
Event: 18.882 Thread 0x000000001d43b800 Uncommon trap: reason=unstable_if action=reinterpret pc=0x0000000003adbf90 method=java.util.HashMap.getNode(ILjava/lang/Object;)Ljava/util/HashMap$Node; @ 84
Event: 18.882 Thread 0x000000001d43b800 Uncommon trap: reason=unstable_if action=reinterpret pc=0x0000000003a403ac method=java.util.HashMap.getNode(ILjava/lang/Object;)Ljava/util/HashMap$Node; @ 84

Classes redefined (0 events):
No events

Internal exceptions (10 events):
Event: 15.662 Thread 0x000000001d434000 Implicit null exception at 0x0000000004979974 to 0x000000000497b07d
Event: 15.912 Thread 0x00000000214e2800 Exception <a 'java/lang/NoSuchMethodError': <clinit>> (0x00000000f2548348) thrown at [C:\src\AOSP-openjdk-git\hotspot\src\share\vm\prims\jni.cpp, line 1615]
Event: 15.916 Thread 0x00000000214e2800 Exception <a 'java/lang/NoSuchMethodError': <clinit>> (0x00000000f25fa170) thrown at [C:\src\AOSP-openjdk-git\hotspot\src\share\vm\prims\jni.cpp, line 1615]
Event: 15.916 Thread 0x00000000214e2800 Exception <a 'java/lang/NoSuchMethodError': <clinit>> (0x00000000f25ff058) thrown at [C:\src\AOSP-openjdk-git\hotspot\src\share\vm\prims\jni.cpp, line 1615]
Event: 15.922 Thread 0x00000000214e2800 Exception <a 'java/lang/NoSuchMethodError': <clinit>> (0x00000000f260aff0) thrown at [C:\src\AOSP-openjdk-git\hotspot\src\share\vm\prims\jni.cpp, line 1615]
Event: 15.923 Thread 0x00000000214e2800 Exception <a 'java/lang/NoSuchMethodError': <clinit>> (0x00000000f2622c58) thrown at [C:\src\AOSP-openjdk-git\hotspot\src\share\vm\prims\jni.cpp, line 1615]
Event: 15.933 Thread 0x00000000214e2800 Exception <a 'java/lang/NoSuchMethodError': <clinit>> (0x00000000f29d0ef0) thrown at [C:\src\AOSP-openjdk-git\hotspot\src\share\vm\prims\jni.cpp, line 1615]
Event: 15.996 Thread 0x000000001d435800 Implicit null exception at 0x0000000003b52b2f to 0x0000000003b52c2d
Event: 16.153 Thread 0x000000001d441800 Exception <a 'java/lang/NoSuchMethodError': java.lang.Object.lambda$negate$1(Ljava/lang/Object;)Z> (0x00000000f52c7eb8) thrown at [C:\src\AOSP-openjdk-git\hotspot\src\share\vm\interpreter\linkResolver.cpp, line 620]
Event: 18.028 Thread 0x000000001d43d000 Exception <a 'sun/nio/fs/WindowsException'> (0x00000000eb448588) thrown at [C:\src\AOSP-openjdk-git\hotspot\src\share\vm\prims\jni.cpp, line 710]

Events (10 events):
Event: 18.882 Thread 0x000000001d43b800 DEOPT PACKING pc=0x0000000003e6ec68 sp=0x00000000249dd8b0
Event: 18.882 Thread 0x000000001d43b800 DEOPT UNPACKING pc=0x000000000318557b sp=0x00000000249dd818 mode 2
Event: 18.882 Thread 0x000000001d43b800 Uncommon trap: trap_request=0xffffff65 fr.pc=0x0000000003adbf90
Event: 18.882 Thread 0x000000001d43b800 DEOPT PACKING pc=0x0000000003adbf90 sp=0x00000000249dd790
Event: 18.882 Thread 0x000000001d43b800 DEOPT UNPACKING pc=0x000000000318557b sp=0x00000000249dd6a8 mode 2
Event: 18.882 Thread 0x000000001d43b800 Uncommon trap: trap_request=0xffffff65 fr.pc=0x0000000003a403ac
Event: 18.882 Thread 0x000000001d43b800 DEOPT PACKING pc=0x0000000003a403ac sp=0x00000000249dd700
Event: 18.882 Thread 0x000000001d43b800 DEOPT UNPACKING pc=0x000000000318557b sp=0x00000000249dd690 mode 2
Event: 18.922 Thread 0x000000001d43b800 DEOPT PACKING pc=0x0000000004d29364 sp=0x00000000249dd680
Event: 18.922 Thread 0x000000001d43b800 DEOPT UNPACKING pc=0x00000000031875d0 sp=0x00000000249dd370 mode 0


Dynamic libraries:
0x00007ff7a6bb0000 - 0x00007ff7a6be1000 	C:\Program Files\Android\Android Studio\jre\bin\java.exe
0x00007fff141c0000 - 0x00007fff143b0000 	C:\WINDOWS\SYSTEM32\ntdll.dll
0x00007fff13b50000 - 0x00007fff13c02000 	C:\WINDOWS\System32\KERNEL32.DLL
0x00007fff11550000 - 0x00007fff117f4000 	C:\WINDOWS\System32\KERNELBASE.dll
0x00007fff12640000 - 0x00007fff126e3000 	C:\WINDOWS\System32\ADVAPI32.dll
0x00007fff13d90000 - 0x00007fff13e2e000 	C:\WINDOWS\System32\msvcrt.dll
0x00007fff13860000 - 0x00007fff138f7000 	C:\WINDOWS\System32\sechost.dll
0x00007fff13c70000 - 0x00007fff13d90000 	C:\WINDOWS\System32\RPCRT4.dll
0x00007fff136b0000 - 0x00007fff13844000 	C:\WINDOWS\System32\USER32.dll
0x00007fff113f0000 - 0x00007fff11411000 	C:\WINDOWS\System32\win32u.dll
0x00007fff140d0000 - 0x00007fff140f6000 	C:\WINDOWS\System32\GDI32.dll
0x00007fff11250000 - 0x00007fff113e4000 	C:\WINDOWS\System32\gdi32full.dll
0x00007fff114b0000 - 0x00007fff1154e000 	C:\WINDOWS\System32\msvcp_win.dll
0x00007fff11150000 - 0x00007fff1124a000 	C:\WINDOWS\System32\ucrtbase.dll
0x00007ffeff8f0000 - 0x00007ffeffb74000 	C:\WINDOWS\WinSxS\amd64_microsoft.windows.common-controls_6595b64144ccf1df_6.0.18362.836_none_e6c4b943130f18ed\COMCTL32.dll
0x00007fff127d0000 - 0x00007fff12b06000 	C:\WINDOWS\System32\combase.dll
0x00007fff118d0000 - 0x00007fff11950000 	C:\WINDOWS\System32\bcryptPrimitives.dll
0x00007fff13680000 - 0x00007fff136ae000 	C:\WINDOWS\System32\IMM32.DLL
0x0000000065a10000 - 0x0000000065ae2000 	C:\Program Files\Android\Android Studio\jre\jre\bin\msvcr100.dll
0x0000000065af0000 - 0x000000006633b000 	C:\Program Files\Android\Android Studio\jre\jre\bin\server\jvm.dll
0x00007fff127c0000 - 0x00007fff127c8000 	C:\WINDOWS\System32\PSAPI.DLL
0x00007ffefc030000 - 0x00007ffefc039000 	C:\WINDOWS\SYSTEM32\WSOCK32.dll
0x00007fff08750000 - 0x00007fff0875a000 	C:\WINDOWS\SYSTEM32\VERSION.dll
0x00007fff0ed10000 - 0x00007fff0ed34000 	C:\WINDOWS\SYSTEM32\WINMM.dll
0x00007fff0e840000 - 0x00007fff0e86d000 	C:\WINDOWS\SYSTEM32\winmmbase.dll
0x00007fff11950000 - 0x00007fff1199a000 	C:\WINDOWS\System32\cfgmgr32.dll
0x00007fff13900000 - 0x00007fff1396f000 	C:\WINDOWS\System32\WS2_32.dll
0x00007fff0a180000 - 0x00007fff0a18f000 	C:\Program Files\Android\Android Studio\jre\jre\bin\verify.dll
0x00007fff09380000 - 0x00007fff093a9000 	C:\Program Files\Android\Android Studio\jre\jre\bin\java.dll
0x00007fff09360000 - 0x00007fff09376000 	C:\Program Files\Android\Android Studio\jre\jre\bin\zip.dll
0x00007fff12f80000 - 0x00007fff13664000 	C:\WINDOWS\System32\SHELL32.dll
0x00007fff124a0000 - 0x00007fff12549000 	C:\WINDOWS\System32\shcore.dll
0x00007fff119a0000 - 0x00007fff1211e000 	C:\WINDOWS\System32\windows.storage.dll
0x00007fff110d0000 - 0x00007fff110f3000 	C:\WINDOWS\System32\profapi.dll
0x00007fff11100000 - 0x00007fff1114a000 	C:\WINDOWS\System32\powrprof.dll
0x00007fff11080000 - 0x00007fff11090000 	C:\WINDOWS\System32\UMPDC.dll
0x00007fff13af0000 - 0x00007fff13b42000 	C:\WINDOWS\System32\shlwapi.dll
0x00007fff11090000 - 0x00007fff110a1000 	C:\WINDOWS\System32\kernel.appcore.dll
0x00007fff11800000 - 0x00007fff11817000 	C:\WINDOWS\System32\cryptsp.dll
0x00007fff09340000 - 0x00007fff0935a000 	C:\Program Files\Android\Android Studio\jre\jre\bin\net.dll
0x00007fff10890000 - 0x00007fff108f7000 	C:\WINDOWS\system32\mswsock.dll
0x00007fff09320000 - 0x00007fff09333000 	C:\Program Files\Android\Android Studio\jre\jre\bin\nio.dll
0x00007fff0eee0000 - 0x00007fff0ef06000 	C:\Users\SHRIRAM G\.gradle\native\29\windows-amd64\native-platform.dll
0x00007fff0a170000 - 0x00007fff0a17d000 	C:\Program Files\Android\Android Studio\jre\jre\bin\management.dll
0x00007fff10400000 - 0x00007fff10433000 	C:\WINDOWS\system32\rsaenh.dll
0x00007fff11420000 - 0x00007fff11446000 	C:\WINDOWS\System32\bcrypt.dll
0x00007fff10fa0000 - 0x00007fff10fc5000 	C:\WINDOWS\SYSTEM32\USERENV.dll
0x00007fff10a60000 - 0x00007fff10a6c000 	C:\WINDOWS\SYSTEM32\CRYPTBASE.dll
0x00007fff105a0000 - 0x00007fff105da000 	C:\WINDOWS\SYSTEM32\IPHLPAPI.DLL
0x00007fff13850000 - 0x00007fff13858000 	C:\WINDOWS\System32\NSI.dll
0x00007fff043d0000 - 0x00007fff043e6000 	C:\WINDOWS\SYSTEM32\dhcpcsvc6.DLL
0x00007fff088c0000 - 0x00007fff088dc000 	C:\WINDOWS\SYSTEM32\dhcpcsvc.DLL
0x00007fff105e0000 - 0x00007fff106ab000 	C:\WINDOWS\SYSTEM32\DNSAPI.dll
0x00007fff09000000 - 0x00007fff09024000 	C:\Program Files\Android\Android Studio\jre\jre\bin\sunec.dll
0x00007ffefeec0000 - 0x00007ffefeeca000 	C:\Windows\System32\rasadhlp.dll
0x00007fff042e0000 - 0x00007fff04357000 	C:\WINDOWS\System32\fwpuclnt.dll
0x00007fff0ef30000 - 0x00007fff0ef3b000 	C:\Program Files\Android\Android Studio\jre\jre\bin\sunmscapi.dll
0x00007fff12120000 - 0x00007fff12269000 	C:\WINDOWS\System32\CRYPT32.dll
0x00007fff110b0000 - 0x00007fff110c2000 	C:\WINDOWS\System32\MSASN1.dll

VM Arguments:
jvm_args: -Xmx1024M -Dfile.encoding=windows-1252 -Duser.country=IN -Duser.language=en -Duser.variant 
java_command: org.gradle.launcher.daemon.bootstrap.GradleDaemon 5.4.1
java_class_path (initial): C:\Users\SHRIRAM G\.gradle\wrapper\dists\gradle-5.4.1-all\3221gyojl5jsh0helicew7rwx\gradle-5.4.1\lib\gradle-launcher-5.4.1.jar
Launcher Type: SUN_STANDARD

Environment Variables:
PATH=C:\Program Files\Java\jdk1.8.0_241\bin;C:\Users\SHRIRAM G\Anaconda3;C:\Users\SHRIRAM G\Anaconda3\Library\mingw-w64\bin;C:\Users\SHRIRAM G\Anaconda3\Library\usr\bin;C:\Users\SHRIRAM G\Anaconda3\Library\bin;C:\Users\SHRIRAM G\Anaconda3\Scripts;C:\Program Files (x86)\Google\Chrome\Application;C:\oraclexe\app\oracle\product\10.2.0\server\bin;C:\Program Files (x86)\Intel\iCLS Client\;C:\Program Files\Intel\iCLS Client\;C:\Windows\system32;C:\Windows;C:\Windows\System32\Wbem;C:\Windows\System32\WindowsPowerShell\v1.0\;C:\Program Files (x86)\Intel\Intel(R) Management Engine Components\DAL;C:\Program Files\Intel\Intel(R) Management Engine Components\DAL;C:\Program Files (x86)\Intel\Intel(R) Management Engine Components\IPT;C:\Program Files\Intel\Intel(R) Management Engine Components\IPT;C:\Program Files (x86)\NVIDIA Corporation\PhysX\Common;C:\WINDOWS\system32;C:\WINDOWS;C:\WINDOWS\System32\Wbem;C:\WINDOWS\System32\WindowsPowerShell\v1.0\;C:\WINDOWS\System32\OpenSSH\;C:\Program Files\Intel\WiFi\bin\;C:\Program Files\Common Files\Intel\WirelessCommon\;C:\x
USERNAME=SHRIRAM G
OS=Windows_NT
PROCESSOR_IDENTIFIER=Intel64 Family 6 Model 158 Stepping 9, GenuineIntel



---------------  S Y S T E M  ---------------

OS: Windows 10.0 , 64 bit Build 18362 (10.0.18362.778)

CPU:total 8 (initial active 8) (4 cores per cpu, 2 threads per core) family 6 model 158 stepping 9, cmov, cx8, fxsr, mmx, sse, sse2, sse3, ssse3, sse4.1, sse4.2, popcnt, avx, avx2, aes, clmul, erms, 3dnowpref, lzcnt, ht, tsc, tscinvbit, bmi1, bmi2, adx

Memory: 4k page, physical 8247252k(1312120k free), swap 10194900k(7984k free)

vm_info: OpenJDK 64-Bit Server VM (25.242-b01) for windows-amd64 JRE (1.8.0_242-release-1644-b01), built by "builder" with MS VC++ 10.0 (VS2010)

time: Thu Jun 11 18:12:23 2020
timezone: India Standard Time
elapsed time: 19 seconds (0d 0h 0m 19s)

