#
# There is insufficient memory for the Java Runtime Environment to continue.
# Native memory allocation (malloc) failed to allocate 32744 bytes for ChunkPool::allocate
# Possible reasons:
#   The system is out of physical RAM or swap space
#   The process is running with CompressedOops enabled, and the Java Heap may be blocking the growth of the native heap
# Possible solutions:
#   Reduce memory load on the system
#   Increase physical memory or swap space
#   Check if swap backing store is full
#   Decrease Java heap size (-Xmx/-Xms)
#   Decrease number of Java threads
#   Decrease Java thread stack sizes (-Xss)
#   Set larger code cache with -XX:ReservedCodeCacheSize=
#   JVM is running with Unscaled Compressed Oops mode in which the Java heap is
#     placed in the first 4GB address space. The Java Heap base address is the
#     maximum limit for the native heap growth. Please use -XX:HeapBaseMinAddress
#     to set the Java Heap base and to place the Java Heap above 4GB virtual address.
# This output file may be truncated or incomplete.
#
#  Out of Memory Error (allocation.cpp:272), pid=2496, tid=0x0000000000000ec8
#
# JRE version: OpenJDK Runtime Environment (8.0_242-b01) (build 1.8.0_242-release-1644-b01)
# Java VM: OpenJDK 64-Bit Server VM (25.242-b01 mixed mode windows-amd64 compressed oops)
# Failed to write core dump. Minidumps are not enabled by default on client versions of Windows
#

---------------  T H R E A D  ---------------

Current thread (0x0000000017a11800):  JavaThread "C2 CompilerThread0" daemon [_thread_in_native, id=3784, stack(0x00000000182e0000,0x00000000183e0000)]

Stack: [0x00000000182e0000,0x00000000183e0000]
[error occurred during error reporting (printing stack bounds), id 0xc0000005]

Native frames: (J=compiled Java code, j=interpreted, Vv=VM code, C=native code)


Current CompileTask:
C2:   6108 3193       4       groovy.lang.MetaClassImpl::addMetaMethodToIndex (65 bytes)


---------------  P R O C E S S  ---------------

Java Threads: ( => current thread )
  0x0000000019022000 JavaThread "Cache worker for execution history cache (C:\Users\SHRIRAM G\.gradle\caches\5.4.1\executionHistory)" [_thread_blocked, id=9136, stack(0x0000000021270000,0x0000000021370000)]
  0x0000000019028000 JavaThread "Cache worker for cache directory md-rule (C:\Users\SHRIRAM G\.gradle\caches\5.4.1\md-rule)" [_thread_blocked, id=3312, stack(0x00000000216c0000,0x00000000217c0000)]
  0x0000000019025000 JavaThread "Cache worker for cache directory md-supplier (C:\Users\SHRIRAM G\.gradle\caches\5.4.1\md-supplier)" [_thread_blocked, id=14604, stack(0x000000001f140000,0x000000001f240000)]
  0x0000000019024000 JavaThread "Cache worker for file hash cache (C:\Users\SHRIRAM G\AndroidStudioProjects\COVID19-HACKATHON(UTTARPRADESH)\.gradle\5.4.1\fileHashes)" [_thread_blocked, id=3584, stack(0x000000001c800000,0x000000001c900000)]
  0x0000000019022800 JavaThread "Cache worker for journal cache (C:\Users\SHRIRAM G\.gradle\caches\journal-1)" [_thread_blocked, id=11868, stack(0x000000001c500000,0x000000001c600000)]
  0x0000000019025800 JavaThread "File lock request listener" [_thread_in_native, id=10576, stack(0x000000001c400000,0x000000001c500000)]
  0x0000000019f19000 JavaThread "Cache worker for file hash cache (C:\Users\SHRIRAM G\.gradle\caches\5.4.1\fileHashes)" [_thread_blocked, id=12324, stack(0x000000001c300000,0x000000001c400000)]
  0x0000000019fdd000 JavaThread "Thread-9" [_thread_blocked, id=13792, stack(0x000000001b230000,0x000000001b330000)]
  0x0000000019fdc800 JavaThread "Stdin handler" [_thread_blocked, id=1004, stack(0x000000001b130000,0x000000001b230000)]
  0x0000000019fda800 JavaThread "Asynchronous log dispatcher for DefaultDaemonConnection: socket connection from /127.0.0.1:50487 to /127.0.0.1:50488" [_thread_blocked, id=8736, stack(0x000000001b030000,0x000000001b130000)]
  0x000000001978a800 JavaThread "Daemon worker" [_thread_in_native, id=14856, stack(0x000000001af30000,0x000000001b030000)]
  0x0000000019789800 JavaThread "Cancel handler" [_thread_blocked, id=4156, stack(0x000000001ae30000,0x000000001af30000)]
  0x000000001898c000 JavaThread "Handler for socket connection from /127.0.0.1:50487 to /127.0.0.1:50488" [_thread_in_native, id=4432, stack(0x000000001ab30000,0x000000001ac30000)]
  0x000000001898b000 JavaThread "Daemon" [_thread_blocked, id=1816, stack(0x000000001aa30000,0x000000001ab30000)]
  0x0000000019b65800 JavaThread "Daemon periodic checks" [_thread_blocked, id=4016, stack(0x000000001a930000,0x000000001aa30000)]
  0x0000000019fe6800 JavaThread "Incoming local TCP Connector on port 50487" [_thread_in_native, id=12260, stack(0x000000001a6f0000,0x000000001a7f0000)]
  0x0000000019a03800 JavaThread "Daemon health stats" [_thread_blocked, id=11804, stack(0x000000001a0b0000,0x000000001a1b0000)]
  0x0000000017aa9000 JavaThread "Service Thread" daemon [_thread_blocked, id=10172, stack(0x00000000186e0000,0x00000000187e0000)]
  0x0000000017a21800 JavaThread "C1 CompilerThread3" daemon [_thread_in_native, id=9200, stack(0x00000000185e0000,0x00000000186e0000)]
  0x0000000017a1e000 JavaThread "C2 CompilerThread2" daemon [_thread_in_native, id=7120, stack(0x00000000184e0000,0x00000000185e0000)]
  0x0000000017a15800 JavaThread "C2 CompilerThread1" daemon [_thread_in_native, id=8760, stack(0x00000000183e0000,0x00000000184e0000)]
=>0x0000000017a11800 JavaThread "C2 CompilerThread0" daemon [_thread_in_native, id=3784, stack(0x00000000182e0000,0x00000000183e0000)]
  0x0000000017a10800 JavaThread "Attach Listener" daemon [_thread_blocked, id=13348, stack(0x00000000181e0000,0x00000000182e0000)]
  0x0000000015bde800 JavaThread "Signal Dispatcher" daemon [_thread_blocked, id=12204, stack(0x00000000180e0000,0x00000000181e0000)]
  0x0000000017a01000 JavaThread "Finalizer" daemon [_thread_blocked, id=15300, stack(0x0000000017ee0000,0x0000000017fe0000)]
  0x0000000017a00800 JavaThread "Reference Handler" daemon [_thread_blocked, id=9172, stack(0x0000000017de0000,0x0000000017ee0000)]
  0x00000000015be800 JavaThread "main" [_thread_blocked, id=6176, stack(0x0000000002eb0000,0x0000000002fb0000)]

Other Threads:
  0x0000000015bc8000 VMThread [stack: 0x00000000178e0000,0x00000000179e0000] [id=6900]
  0x0000000017a64800 WatcherThread [stack: 0x00000000187e0000,0x00000000188e0000] [id=12140]

VM state:not at safepoint (normal execution)

VM Mutex/Monitor currently owned by a thread: None

heap address: 0x00000000c0000000, size: 1024 MB, Compressed Oops mode: 32-bit
Narrow klass base: 0x0000000000000000, Narrow klass shift: 3
Compressed class space size: 1073741824 Address: 0x0000000100000000

Heap:
 PSYoungGen      total 120832K, used 76795K [0x00000000eab00000, 0x00000000f2d00000, 0x0000000100000000)
  eden space 108544K, 70% used [0x00000000eab00000,0x00000000ef5fef00,0x00000000f1500000)
  from space 12288K, 0% used [0x00000000f1500000,0x00000000f1500000,0x00000000f2100000)
  to   space 11264K, 0% used [0x00000000f2100000,0x00000000f2100000,0x00000000f2c00000)
 ParOldGen       total 81920K, used 15036K [0x00000000c0000000, 0x00000000c5000000, 0x00000000eab00000)
  object space 81920K, 18% used [0x00000000c0000000,0x00000000c0eaf288,0x00000000c5000000)
 Metaspace       used 38118K, capacity 39014K, committed 39296K, reserved 1083392K
  class space    used 5147K, capacity 5404K, committed 5504K, reserved 1048576K

Card table byte_map: [0x0000000012470000,0x0000000012680000] byte_map_base: 0x0000000011e70000

Marking Bits: (ParMarkBitMap*) 0x00000000662bf030
 Begin Bits: [0x0000000012fe0000, 0x0000000013fe0000)
 End Bits:   [0x0000000013fe0000, 0x0000000014fe0000)

Polling page: 0x0000000001020000

CodeCache: size=245760Kb used=13005Kb max_used=13005Kb free=232754Kb
 bounds [0x00000000030b0000, 0x0000000003d70000, 0x00000000120b0000]
 total_blobs=4077 nmethods=3350 adapters=640
 compilation: enabled

Compilation events (10 events):
Event: 6.105 Thread 0x0000000017a21800 nmethod 3410 0x0000000003d6a450 code [0x0000000003d6a5c0, 0x0000000003d6a7e8]
Event: 6.106 Thread 0x0000000017a21800 3411       1       org.gradle.api.internal.artifacts.ivyservice.ivyresolve.CachingModuleComponentRepository::access$200 (5 bytes)
Event: 6.106 Thread 0x0000000017a21800 nmethod 3411 0x0000000003d6a890 code [0x0000000003d6a9e0, 0x0000000003d6aad0]
Event: 6.107 Thread 0x0000000017a21800 3412       1       com.google.common.collect.RegularImmutableMap$KeySet::asList (5 bytes)
Event: 6.107 Thread 0x0000000017a21800 nmethod 3412 0x0000000003d6ab50 code [0x0000000003d6aca0, 0x0000000003d6adb0]
Event: 6.107 Thread 0x0000000017a21800 3414       3       org.gradle.cache.internal.btree.BlockPointer::getPos (5 bytes)
Event: 6.107 Thread 0x0000000017a21800 nmethod 3414 0x0000000003d6ae10 code [0x0000000003d6af60, 0x0000000003d6b0b0]
Event: 6.107 Thread 0x0000000017a21800 3413   !   3       com.esotericsoftware.kryo.io.Output::flush (57 bytes)
Event: 6.107 Thread 0x0000000017a21800 nmethod 3413 0x0000000003d6b150 code [0x0000000003d6b2e0, 0x0000000003d6b658]
Event: 6.107 Thread 0x0000000017a21800 3415       3       org.gradle.api.internal.artifacts.ivyservice.modulecache.ModuleMetadataSerializer$Reader::readCount (10 bytes)

GC Heap History (10 events):
Event: 3.851 GC heap before
{Heap before GC invocations=7 (full 1):
 PSYoungGen      total 76800K, used 8156K [0x00000000eab00000, 0x00000000f0100000, 0x0000000100000000)
  eden space 65536K, 0% used [0x00000000eab00000,0x00000000eab00000,0x00000000eeb00000)
  from space 11264K, 72% used [0x00000000ef600000,0x00000000efdf7388,0x00000000f0100000)
  to   space 11264K, 0% used [0x00000000eeb00000,0x00000000eeb00000,0x00000000ef600000)
 ParOldGen       total 86016K, used 8828K [0x00000000c0000000, 0x00000000c5400000, 0x00000000eab00000)
  object space 86016K, 10% used [0x00000000c0000000,0x00000000c089f128,0x00000000c5400000)
 Metaspace       used 20567K, capacity 21148K, committed 21296K, reserved 1067008K
  class space    used 2983K, capacity 3161K, committed 3200K, reserved 1048576K
Event: 3.884 GC heap after
Heap after GC invocations=7 (full 1):
 PSYoungGen      total 76800K, used 0K [0x00000000eab00000, 0x00000000f0100000, 0x0000000100000000)
  eden space 65536K, 0% used [0x00000000eab00000,0x00000000eab00000,0x00000000eeb00000)
  from space 11264K, 0% used [0x00000000ef600000,0x00000000ef600000,0x00000000f0100000)
  to   space 11264K, 0% used [0x00000000eeb00000,0x00000000eeb00000,0x00000000ef600000)
 ParOldGen       total 57344K, used 9837K [0x00000000c0000000, 0x00000000c3800000, 0x00000000eab00000)
  object space 57344K, 17% used [0x00000000c0000000,0x00000000c099b668,0x00000000c3800000)
 Metaspace       used 20567K, capacity 21148K, committed 21296K, reserved 1067008K
  class space    used 2983K, capacity 3161K, committed 3200K, reserved 1048576K
}
Event: 4.551 GC heap before
{Heap before GC invocations=8 (full 1):
 PSYoungGen      total 76800K, used 65536K [0x00000000eab00000, 0x00000000f0100000, 0x0000000100000000)
  eden space 65536K, 100% used [0x00000000eab00000,0x00000000eeb00000,0x00000000eeb00000)
  from space 11264K, 0% used [0x00000000ef600000,0x00000000ef600000,0x00000000f0100000)
  to   space 11264K, 0% used [0x00000000eeb00000,0x00000000eeb00000,0x00000000ef600000)
 ParOldGen       total 57344K, used 9837K [0x00000000c0000000, 0x00000000c3800000, 0x00000000eab00000)
  object space 57344K, 17% used [0x00000000c0000000,0x00000000c099b668,0x00000000c3800000)
 Metaspace       used 28424K, capacity 28996K, committed 29312K, reserved 1075200K
  class space    used 3915K, capacity 4131K, committed 4224K, reserved 1048576K
Event: 4.557 GC heap after
Heap after GC invocations=8 (full 1):
 PSYoungGen      total 76800K, used 7698K [0x00000000eab00000, 0x00000000f2c00000, 0x0000000100000000)
  eden space 65536K, 0% used [0x00000000eab00000,0x00000000eab00000,0x00000000eeb00000)
  from space 11264K, 68% used [0x00000000eeb00000,0x00000000ef284ab0,0x00000000ef600000)
  to   space 11264K, 0% used [0x00000000f2100000,0x00000000f2100000,0x00000000f2c00000)
 ParOldGen       total 57344K, used 9845K [0x00000000c0000000, 0x00000000c3800000, 0x00000000eab00000)
  object space 57344K, 17% used [0x00000000c0000000,0x00000000c099d668,0x00000000c3800000)
 Metaspace       used 28424K, capacity 28996K, committed 29312K, reserved 1075200K
  class space    used 3915K, capacity 4131K, committed 4224K, reserved 1048576K
}
Event: 5.247 GC heap before
{Heap before GC invocations=9 (full 1):
 PSYoungGen      total 76800K, used 73234K [0x00000000eab00000, 0x00000000f2c00000, 0x0000000100000000)
  eden space 65536K, 100% used [0x00000000eab00000,0x00000000eeb00000,0x00000000eeb00000)
  from space 11264K, 68% used [0x00000000eeb00000,0x00000000ef284ab0,0x00000000ef600000)
  to   space 11264K, 0% used [0x00000000f2100000,0x00000000f2100000,0x00000000f2c00000)
 ParOldGen       total 57344K, used 9845K [0x00000000c0000000, 0x00000000c3800000, 0x00000000eab00000)
  object space 57344K, 17% used [0x00000000c0000000,0x00000000c099d668,0x00000000c3800000)
 Metaspace       used 33491K, capacity 34158K, committed 34432K, reserved 1079296K
  class space    used 4525K, capacity 4713K, committed 4736K, reserved 1048576K
Event: 5.256 GC heap after
Heap after GC invocations=9 (full 1):
 PSYoungGen      total 119808K, used 10706K [0x00000000eab00000, 0x00000000f2d00000, 0x0000000100000000)
  eden space 108544K, 0% used [0x00000000eab00000,0x00000000eab00000,0x00000000f1500000)
  from space 11264K, 95% used [0x00000000f2100000,0x00000000f2b74ae8,0x00000000f2c00000)
  to   space 12288K, 0% used [0x00000000f1500000,0x00000000f1500000,0x00000000f2100000)
 ParOldGen       total 57344K, used 9853K [0x00000000c0000000, 0x00000000c3800000, 0x00000000eab00000)
  object space 57344K, 17% used [0x00000000c0000000,0x00000000c099f668,0x00000000c3800000)
 Metaspace       used 33491K, capacity 34158K, committed 34432K, reserved 1079296K
  class space    used 4525K, capacity 4713K, committed 4736K, reserved 1048576K
}
Event: 5.402 GC heap before
{Heap before GC invocations=10 (full 1):
 PSYoungGen      total 119808K, used 25321K [0x00000000eab00000, 0x00000000f2d00000, 0x0000000100000000)
  eden space 108544K, 13% used [0x00000000eab00000,0x00000000eb945a60,0x00000000f1500000)
  from space 11264K, 95% used [0x00000000f2100000,0x00000000f2b74ae8,0x00000000f2c00000)
  to   space 12288K, 0% used [0x00000000f1500000,0x00000000f1500000,0x00000000f2100000)
 ParOldGen       total 57344K, used 9853K [0x00000000c0000000, 0x00000000c3800000, 0x00000000eab00000)
  object space 57344K, 17% used [0x00000000c0000000,0x00000000c099f668,0x00000000c3800000)
 Metaspace       used 34578K, capacity 35362K, committed 35496K, reserved 1079296K
  class space    used 4587K, capacity 4792K, committed 4864K, reserved 1048576K
Event: 5.410 GC heap after
Heap after GC invocations=10 (full 1):
 PSYoungGen      total 120832K, used 7313K [0x00000000eab00000, 0x00000000f2d00000, 0x0000000100000000)
  eden space 108544K, 0% used [0x00000000eab00000,0x00000000eab00000,0x00000000f1500000)
  from space 12288K, 59% used [0x00000000f1500000,0x00000000f1c24658,0x00000000f2100000)
  to   space 11264K, 0% used [0x00000000f2100000,0x00000000f2100000,0x00000000f2c00000)
 ParOldGen       total 57344K, used 9861K [0x00000000c0000000, 0x00000000c3800000, 0x00000000eab00000)
  object space 57344K, 17% used [0x00000000c0000000,0x00000000c09a1668,0x00000000c3800000)
 Metaspace       used 34578K, capacity 35362K, committed 35496K, reserved 1079296K
  class space    used 4587K, capacity 4792K, committed 4864K, reserved 1048576K
}
Event: 5.410 GC heap before
{Heap before GC invocations=11 (full 2):
 PSYoungGen      total 120832K, used 7313K [0x00000000eab00000, 0x00000000f2d00000, 0x0000000100000000)
  eden space 108544K, 0% used [0x00000000eab00000,0x00000000eab00000,0x00000000f1500000)
  from space 12288K, 59% used [0x00000000f1500000,0x00000000f1c24658,0x00000000f2100000)
  to   space 11264K, 0% used [0x00000000f2100000,0x00000000f2100000,0x00000000f2c00000)
 ParOldGen       total 57344K, used 9861K [0x00000000c0000000, 0x00000000c3800000, 0x00000000eab00000)
  object space 57344K, 17% used [0x00000000c0000000,0x00000000c09a1668,0x00000000c3800000)
 Metaspace       used 34578K, capacity 35362K, committed 35496K, reserved 1079296K
  class space    used 4587K, capacity 4792K, committed 4864K, reserved 1048576K
Event: 5.462 GC heap after
Heap after GC invocations=11 (full 2):
 PSYoungGen      total 120832K, used 0K [0x00000000eab00000, 0x00000000f2d00000, 0x0000000100000000)
  eden space 108544K, 0% used [0x00000000eab00000,0x00000000eab00000,0x00000000f1500000)
  from space 12288K, 0% used [0x00000000f1500000,0x00000000f1500000,0x00000000f2100000)
  to   space 11264K, 0% used [0x00000000f2100000,0x00000000f2100000,0x00000000f2c00000)
 ParOldGen       total 81920K, used 15036K [0x00000000c0000000, 0x00000000c5000000, 0x00000000eab00000)
  object space 81920K, 18% used [0x00000000c0000000,0x00000000c0eaf288,0x00000000c5000000)
 Metaspace       used 34532K, capacity 35258K, committed 35496K, reserved 1079296K
  class space    used 4575K, capacity 4780K, committed 4864K, reserved 1048576K
}

Deoptimization events (10 events):
Event: 5.756 Thread 0x000000001978a800 Uncommon trap: reason=unstable_if action=reinterpret pc=0x000000000373145c method=java.net.URLStreamHandler.sameFile(Ljava/net/URL;Ljava/net/URL;)Z @ 63
Event: 5.757 Thread 0x000000001978a800 Uncommon trap: reason=unstable_if action=reinterpret pc=0x0000000003c3d82c method=org.objectweb.asm.Type.appendDescriptor(Ljava/lang/Class;Ljava/lang/StringBuilder;)V @ 28
Event: 5.802 Thread 0x000000001978a800 Uncommon trap: reason=unstable_if action=reinterpret pc=0x0000000003be86c4 method=java.lang.ClassLoader.checkCerts(Ljava/lang/String;Ljava/security/CodeSource;)V @ 29
Event: 5.810 Thread 0x000000001978a800 Uncommon trap: reason=unstable_if action=reinterpret pc=0x00000000031b3b14 method=java.util.WeakHashMap.put(Ljava/lang/Object;Ljava/lang/Object;)Ljava/lang/Object; @ 59
Event: 5.829 Thread 0x000000001978a800 Uncommon trap: reason=unstable_if action=reinterpret pc=0x0000000003978dc4 method=org.gradle.internal.reflect.PropertyAccessorType.isGetGetterName(Ljava/lang/String;)Z @ 14
Event: 5.942 Thread 0x000000001978a800 Uncommon trap: reason=range_check action=make_not_entrant pc=0x0000000003cf9f24 method=java.lang.String.charAt(I)C @ 27
Event: 5.951 Thread 0x000000001978a800 Uncommon trap: reason=unstable_if action=reinterpret pc=0x0000000003add638 method=java.util.regex.Pattern$CharProperty.match(Ljava/util/regex/Matcher;ILjava/lang/CharSequence;)Z @ 40
Event: 5.964 Thread 0x000000001978a800 Uncommon trap: reason=unstable_if action=reinterpret pc=0x000000000331c1d8 method=java.net.URI.match(CJJ)Z @ 45
Event: 5.966 Thread 0x000000001978a800 Uncommon trap: reason=unstable_if action=reinterpret pc=0x0000000003217860 method=java.net.URI.match(CJJ)Z @ 45
Event: 5.967 Thread 0x000000001978a800 Uncommon trap: reason=unstable_if action=reinterpret pc=0x0000000003212d60 method=java.net.URI.match(CJJ)Z @ 45

Classes redefined (0 events):
No events

Internal exceptions (10 events):
Event: 5.899 Thread 0x000000001978a800 Exception <a 'java/lang/ClassNotFoundException': org/gradle/api/internal/artifacts/DefaultArtifactRepositoryContainerBeanInfo> (0x00000000ede7a9a8) thrown at [C:\src\AOSP-openjdk-git\hotspot\src\share\vm\classfile\systemDictionary.cpp, line 210]
Event: 5.899 Thread 0x000000001978a800 Exception <a 'java/lang/ClassNotFoundException': org/gradle/api/internal/DefaultNamedDomainObjectListBeanInfo> (0x00000000edea9170) thrown at [C:\src\AOSP-openjdk-git\hotspot\src\share\vm\classfile\systemDictionary.cpp, line 210]
Event: 5.900 Thread 0x000000001978a800 Exception <a 'java/lang/ClassNotFoundException': org/gradle/api/internal/DefaultNamedDomainObjectCollectionBeanInfo> (0x00000000eded97d8) thrown at [C:\src\AOSP-openjdk-git\hotspot\src\share\vm\classfile\systemDictionary.cpp, line 210]
Event: 5.901 Thread 0x000000001978a800 Exception <a 'java/lang/ClassNotFoundException': org/gradle/api/internal/DefaultDomainObjectCollectionBeanInfo> (0x00000000edf08be8) thrown at [C:\src\AOSP-openjdk-git\hotspot\src\share\vm\classfile\systemDictionary.cpp, line 210]
Event: 5.902 Thread 0x000000001978a800 Exception <a 'java/lang/ClassNotFoundException': org/gradle/api/internal/DefaultDomainObjectCollectionCustomizer> (0x00000000edf389e0) thrown at [C:\src\AOSP-openjdk-git\hotspot\src\share\vm\classfile\systemDictionary.cpp, line 210]
Event: 5.904 Thread 0x000000001978a800 Exception <a 'java/lang/ClassNotFoundException': org/gradle/api/internal/DefaultNamedDomainObjectCollectionCustomizer> (0x00000000edf91458) thrown at [C:\src\AOSP-openjdk-git\hotspot\src\share\vm\classfile\systemDictionary.cpp, line 210]
Event: 5.907 Thread 0x000000001978a800 Exception <a 'java/lang/ClassNotFoundException': org/gradle/api/internal/DefaultNamedDomainObjectListCustomizer> (0x00000000edff9c98) thrown at [C:\src\AOSP-openjdk-git\hotspot\src\share\vm\classfile\systemDictionary.cpp, line 210]
Event: 5.909 Thread 0x000000001978a800 Exception <a 'java/lang/ClassNotFoundException': org/gradle/api/internal/artifacts/DefaultArtifactRepositoryContainerCustomizer> (0x00000000ee065910) thrown at [C:\src\AOSP-openjdk-git\hotspot\src\share\vm\classfile\systemDictionary.cpp, line 210]
Event: 5.911 Thread 0x000000001978a800 Exception <a 'java/lang/ClassNotFoundException': org/gradle/api/internal/artifacts/dsl/DefaultRepositoryHandlerCustomizer> (0x00000000ee0c2e88) thrown at [C:\src\AOSP-openjdk-git\hotspot\src\share\vm\classfile\systemDictionary.cpp, line 210]
Event: 5.913 Thread 0x000000001978a800 Exception <a 'java/lang/ClassNotFoundException': org/gradle/api/internal/artifacts/dsl/DefaultRepositoryHandler_DecoratedCustomizer> (0x00000000ee136228) thrown at [C:\src\AOSP-openjdk-git\hotspot\src\share\vm\classfile\systemDictionary.cpp, line 210]

Events (10 events):
Event: 6.082 loading class org/gradle/api/attributes/MultipleCandidatesDetails
Event: 6.082 loading class org/gradle/api/attributes/MultipleCandidatesDetails done
Event: 6.082 loading class org/gradle/internal/component/model/DefaultSelectedByVariantMatchingConfigurationMetadata
Event: 6.082 loading class org/gradle/internal/component/model/DefaultSelectedByVariantMatchingConfigurationMetadata done
Event: 6.084 loading class org/gradle/internal/component/external/model/ConfigurationBoundExternalDependencyMetadata
Event: 6.084 loading class org/gradle/internal/component/external/model/ConfigurationBoundExternalDependencyMetadata done
Event: 6.094 loading class org/gradle/internal/component/external/descriptor/DefaultExclude
Event: 6.094 loading class org/gradle/internal/component/external/descriptor/DefaultExclude done
Event: 6.094 loading class org/gradle/internal/component/model/Exclude
Event: 6.094 loading class org/gradle/internal/component/model/Exclude done


Dynamic libraries:
0x00007ff7a6bb0000 - 0x00007ff7a6be1000 	C:\Program Files\Android\Android Studio\jre\bin\java.exe
0x00007fff141c0000 - 0x00007fff143b0000 	C:\WINDOWS\SYSTEM32\ntdll.dll
0x00007fff13b50000 - 0x00007fff13c02000 	C:\WINDOWS\System32\KERNEL32.DLL
0x00007fff11550000 - 0x00007fff117f4000 	C:\WINDOWS\System32\KERNELBASE.dll
0x00007fff12640000 - 0x00007fff126e3000 	C:\WINDOWS\System32\ADVAPI32.dll
0x00007fff13d90000 - 0x00007fff13e2e000 	C:\WINDOWS\System32\msvcrt.dll
0x00007fff13860000 - 0x00007fff138f7000 	C:\WINDOWS\System32\sechost.dll
0x00007fff13c70000 - 0x00007fff13d90000 	C:\WINDOWS\System32\RPCRT4.dll
0x00007fff136b0000 - 0x00007fff13844000 	C:\WINDOWS\System32\USER32.dll
0x00007fff113f0000 - 0x00007fff11411000 	C:\WINDOWS\System32\win32u.dll
0x00007fff140d0000 - 0x00007fff140f6000 	C:\WINDOWS\System32\GDI32.dll
0x00007fff11250000 - 0x00007fff113e4000 	C:\WINDOWS\System32\gdi32full.dll
0x00007fff114b0000 - 0x00007fff1154e000 	C:\WINDOWS\System32\msvcp_win.dll
0x00007fff11150000 - 0x00007fff1124a000 	C:\WINDOWS\System32\ucrtbase.dll
0x00007ffeff8f0000 - 0x00007ffeffb74000 	C:\WINDOWS\WinSxS\amd64_microsoft.windows.common-controls_6595b64144ccf1df_6.0.18362.836_none_e6c4b943130f18ed\COMCTL32.dll
0x00007fff127d0000 - 0x00007fff12b06000 	C:\WINDOWS\System32\combase.dll
0x00007fff118d0000 - 0x00007fff11950000 	C:\WINDOWS\System32\bcryptPrimitives.dll
0x00007fff13680000 - 0x00007fff136ae000 	C:\WINDOWS\System32\IMM32.DLL
0x0000000065a10000 - 0x0000000065ae2000 	C:\Program Files\Android\Android Studio\jre\jre\bin\msvcr100.dll
0x0000000065af0000 - 0x000000006633b000 	C:\Program Files\Android\Android Studio\jre\jre\bin\server\jvm.dll
0x00007fff127c0000 - 0x00007fff127c8000 	C:\WINDOWS\System32\PSAPI.DLL
0x00007ffefc030000 - 0x00007ffefc039000 	C:\WINDOWS\SYSTEM32\WSOCK32.dll
0x00007fff13900000 - 0x00007fff1396f000 	C:\WINDOWS\System32\WS2_32.dll
0x00007fff0ed10000 - 0x00007fff0ed34000 	C:\WINDOWS\SYSTEM32\WINMM.dll
0x00007fff08750000 - 0x00007fff0875a000 	C:\WINDOWS\SYSTEM32\VERSION.dll
0x00007fff0e840000 - 0x00007fff0e86d000 	C:\WINDOWS\SYSTEM32\winmmbase.dll
0x00007fff11950000 - 0x00007fff1199a000 	C:\WINDOWS\System32\cfgmgr32.dll
0x00007fff0ef30000 - 0x00007fff0ef3f000 	C:\Program Files\Android\Android Studio\jre\jre\bin\verify.dll
0x00007fff0eee0000 - 0x00007fff0ef09000 	C:\Program Files\Android\Android Studio\jre\jre\bin\java.dll
0x00007fff0d270000 - 0x00007fff0d286000 	C:\Program Files\Android\Android Studio\jre\jre\bin\zip.dll
0x00007fff12f80000 - 0x00007fff13664000 	C:\WINDOWS\System32\SHELL32.dll
0x00007fff124a0000 - 0x00007fff12549000 	C:\WINDOWS\System32\shcore.dll
0x00007fff119a0000 - 0x00007fff1211e000 	C:\WINDOWS\System32\windows.storage.dll
0x00007fff110d0000 - 0x00007fff110f3000 	C:\WINDOWS\System32\profapi.dll
0x00007fff11100000 - 0x00007fff1114a000 	C:\WINDOWS\System32\powrprof.dll
0x00007fff11080000 - 0x00007fff11090000 	C:\WINDOWS\System32\UMPDC.dll
0x00007fff13af0000 - 0x00007fff13b42000 	C:\WINDOWS\System32\shlwapi.dll
0x00007fff11090000 - 0x00007fff110a1000 	C:\WINDOWS\System32\kernel.appcore.dll
0x00007fff11800000 - 0x00007fff11817000 	C:\WINDOWS\System32\cryptsp.dll
0x00007fff0c460000 - 0x00007fff0c47a000 	C:\Program Files\Android\Android Studio\jre\jre\bin\net.dll
0x00007fff10890000 - 0x00007fff108f7000 	C:\WINDOWS\system32\mswsock.dll
0x00007fff0c440000 - 0x00007fff0c453000 	C:\Program Files\Android\Android Studio\jre\jre\bin\nio.dll
0x00007fff09320000 - 0x00007fff09346000 	C:\Users\SHRIRAM G\.gradle\native\29\windows-amd64\native-platform.dll
0x00007fff0bc40000 - 0x00007fff0bc4d000 	C:\Program Files\Android\Android Studio\jre\jre\bin\management.dll
0x00007fff10400000 - 0x00007fff10433000 	C:\WINDOWS\system32\rsaenh.dll
0x00007fff11420000 - 0x00007fff11446000 	C:\WINDOWS\System32\bcrypt.dll
0x00007fff10fa0000 - 0x00007fff10fc5000 	C:\WINDOWS\SYSTEM32\USERENV.dll
0x00007fff10a60000 - 0x00007fff10a6c000 	C:\WINDOWS\SYSTEM32\CRYPTBASE.dll
0x00007fff105a0000 - 0x00007fff105da000 	C:\WINDOWS\SYSTEM32\IPHLPAPI.DLL
0x00007fff13850000 - 0x00007fff13858000 	C:\WINDOWS\System32\NSI.dll
0x00007fff043d0000 - 0x00007fff043e6000 	C:\WINDOWS\SYSTEM32\dhcpcsvc6.DLL
0x00007fff088c0000 - 0x00007fff088dc000 	C:\WINDOWS\SYSTEM32\dhcpcsvc.DLL
0x00007fff105e0000 - 0x00007fff106ab000 	C:\WINDOWS\SYSTEM32\DNSAPI.dll

VM Arguments:
jvm_args: -Xmx1024M -Dfile.encoding=windows-1252 -Duser.country=IN -Duser.language=en -Duser.variant 
java_command: org.gradle.launcher.daemon.bootstrap.GradleDaemon 5.4.1
java_class_path (initial): C:\Users\SHRIRAM G\.gradle\wrapper\dists\gradle-5.4.1-all\3221gyojl5jsh0helicew7rwx\gradle-5.4.1\lib\gradle-launcher-5.4.1.jar
Launcher Type: SUN_STANDARD

Environment Variables:
PATH=C:\Program Files\Java\jdk1.8.0_241\bin;C:\Users\SHRIRAM G\Anaconda3;C:\Users\SHRIRAM G\Anaconda3\Library\mingw-w64\bin;C:\Users\SHRIRAM G\Anaconda3\Library\usr\bin;C:\Users\SHRIRAM G\Anaconda3\Library\bin;C:\Users\SHRIRAM G\Anaconda3\Scripts;C:\Program Files (x86)\Google\Chrome\Application;C:\oraclexe\app\oracle\product\10.2.0\server\bin;C:\Program Files (x86)\Intel\iCLS Client\;C:\Program Files\Intel\iCLS Client\;C:\Windows\system32;C:\Windows;C:\Windows\System32\Wbem;C:\Windows\System32\WindowsPowerShell\v1.0\;C:\Program Files (x86)\Intel\Intel(R) Management Engine Components\DAL;C:\Program Files\Intel\Intel(R) Management Engine Components\DAL;C:\Program Files (x86)\Intel\Intel(R) Management Engine Components\IPT;C:\Program Files\Intel\Intel(R) Management Engine Components\IPT;C:\Program Files (x86)\NVIDIA Corporation\PhysX\Common;C:\WINDOWS\system32;C:\WINDOWS;C:\WINDOWS\System32\Wbem;C:\WINDOWS\System32\WindowsPowerShell\v1.0\;C:\WINDOWS\System32\OpenSSH\;C:\Program Files\Intel\WiFi\bin\;C:\Program Files\Common Files\Intel\WirelessCommon\;C:\x
USERNAME=SHRIRAM G
OS=Windows_NT
PROCESSOR_IDENTIFIER=Intel64 Family 6 Model 158 Stepping 9, GenuineIntel



---------------  S Y S T E M  ---------------

OS: Windows 10.0 , 64 bit Build 18362 (10.0.18362.778)

CPU:total 8 (initial active 8) (4 cores per cpu, 2 threads per core) family 6 model 158 stepping 9, cmov, cx8, fxsr, mmx, sse, sse2, sse3, ssse3, sse4.1, sse4.2, popcnt, avx, avx2, aes, clmul, erms, 3dnowpref, lzcnt, ht, tsc, tscinvbit, bmi1, bmi2, adx

Memory: 4k page, physical 8247252k(1261024k free), swap 10194900k(6360k free)

vm_info: OpenJDK 64-Bit Server VM (25.242-b01) for windows-amd64 JRE (1.8.0_242-release-1644-b01), built by "builder" with MS VC++ 10.0 (VS2010)

time: Thu Jun 11 18:14:56 2020
timezone: India Standard Time
elapsed time: 6 seconds (0d 0h 0m 6s)

