#
# There is insufficient memory for the Java Runtime Environment to continue.
# Native memory allocation (malloc) failed to allocate 351216 bytes for Chunk::new
# Possible reasons:
#   The system is out of physical RAM or swap space
#   The process is running with CompressedOops enabled, and the Java Heap may be blocking the growth of the native heap
# Possible solutions:
#   Reduce memory load on the system
#   Increase physical memory or swap space
#   Check if swap backing store is full
#   Decrease Java heap size (-Xmx/-Xms)
#   Decrease number of Java threads
#   Decrease Java thread stack sizes (-Xss)
#   Set larger code cache with -XX:ReservedCodeCacheSize=
#   JVM is running with Unscaled Compressed Oops mode in which the Java heap is
#     placed in the first 4GB address space. The Java Heap base address is the
#     maximum limit for the native heap growth. Please use -XX:HeapBaseMinAddress
#     to set the Java Heap base and to place the Java Heap above 4GB virtual address.
# This output file may be truncated or incomplete.
#
#  Out of Memory Error (allocation.cpp:389), pid=15096, tid=0x0000000000001e20
#
# JRE version: OpenJDK Runtime Environment (8.0_242-b01) (build 1.8.0_242-release-1644-b01)
# Java VM: OpenJDK 64-Bit Server VM (25.242-b01 mixed mode windows-amd64 compressed oops)
# Failed to write core dump. Minidumps are not enabled by default on client versions of Windows
#

---------------  T H R E A D  ---------------

Current thread (0x00000000183c5000):  JavaThread "C2 CompilerThread0" daemon [_thread_in_native, id=7712, stack(0x0000000018c90000,0x0000000018d90000)]

Stack: [0x0000000018c90000,0x0000000018d90000]
[error occurred during error reporting (printing stack bounds), id 0xc0000005]

Native frames: (J=compiled Java code, j=interpreted, Vv=VM code, C=native code)


Current CompileTask:
C2:   7205 4492       4       sun.net.www.protocol.file.Handler::hostsEqual (69 bytes)


---------------  P R O C E S S  ---------------

Java Threads: ( => current thread )
  0x000000001dcb9800 JavaThread "Cache worker for Build Output Cleanup Cache (C:\Users\SHRIRAM G\AndroidStudioProjects\COVID19-HACKATHON(UTTARPRADESH)\.gradle\buildOutputCleanup)" [_thread_blocked, id=8300, stack(0x00000000230d0000,0x00000000231d0000)]
  0x000000001dcba000 JavaThread "Build operations Thread 8" [_thread_blocked, id=12112, stack(0x0000000022fd0000,0x00000000230d0000)]
  0x000000001dcb2000 JavaThread "Build operations Thread 7" [_thread_blocked, id=14124, stack(0x0000000022ed0000,0x0000000022fd0000)]
  0x000000001dcb8800 JavaThread "Build operations Thread 6" [_thread_blocked, id=11752, stack(0x0000000022dd0000,0x0000000022ed0000)]
  0x000000001dcb5000 JavaThread "Build operations Thread 5" [_thread_blocked, id=4824, stack(0x0000000022cd0000,0x0000000022dd0000)]
  0x000000001dcb7000 JavaThread "Build operations Thread 4" [_thread_blocked, id=7088, stack(0x0000000022bd0000,0x0000000022cd0000)]
  0x000000001dcb1000 JavaThread "Build operations Thread 3" [_thread_blocked, id=13784, stack(0x0000000022850000,0x0000000022950000)]
  0x000000001dcb5800 JavaThread "Build operations Thread 2" [_thread_blocked, id=4268, stack(0x0000000022750000,0x0000000022850000)]
  0x000000001dcb8000 JavaThread "Build operations" [_thread_blocked, id=7364, stack(0x0000000022650000,0x0000000022750000)]
  0x000000001dcb2800 JavaThread "Cache worker for execution history cache (C:\Users\SHRIRAM G\.gradle\caches\5.4.1\executionHistory)" [_thread_blocked, id=13504, stack(0x000000001f9b0000,0x000000001fab0000)]
  0x000000001a1be000 JavaThread "Cache worker for cache directory md-rule (C:\Users\SHRIRAM G\.gradle\caches\5.4.1\md-rule)" [_thread_blocked, id=15132, stack(0x000000001f8b0000,0x000000001f9b0000)]
  0x000000001a1bc800 JavaThread "Cache worker for cache directory md-supplier (C:\Users\SHRIRAM G\.gradle\caches\5.4.1\md-supplier)" [_thread_blocked, id=11344, stack(0x0000000022550000,0x0000000022650000)]
  0x000000001a1bf800 JavaThread "Cache worker for file hash cache (C:\Users\SHRIRAM G\AndroidStudioProjects\COVID19-HACKATHON(UTTARPRADESH)\.gradle\5.4.1\fileHashes)" [_thread_blocked, id=2904, stack(0x000000001e1b0000,0x000000001e2b0000)]
  0x000000001a1ba000 JavaThread "Cache worker for journal cache (C:\Users\SHRIRAM G\.gradle\caches\journal-1)" [_thread_blocked, id=13888, stack(0x000000001cee0000,0x000000001cfe0000)]
  0x000000001a1be800 JavaThread "File lock request listener" [_thread_in_native, id=9164, stack(0x000000001cde0000,0x000000001cee0000)]
  0x000000001a1ac000 JavaThread "Cache worker for file hash cache (C:\Users\SHRIRAM G\.gradle\caches\5.4.1\fileHashes)" [_thread_blocked, id=7756, stack(0x000000001cce0000,0x000000001cde0000)]
  0x000000001af28800 JavaThread "Thread-9" [_thread_blocked, id=1652, stack(0x000000001cbe0000,0x000000001cce0000)]
  0x0000000019f9c000 JavaThread "Stdin handler" [_thread_blocked, id=2036, stack(0x000000001cae0000,0x000000001cbe0000)]
  0x000000001ab98800 JavaThread "Asynchronous log dispatcher for DefaultDaemonConnection: socket connection from /127.0.0.1:50830 to /127.0.0.1:50831" [_thread_blocked, id=12808, stack(0x000000001c9e0000,0x000000001cae0000)]
  0x000000001a702800 JavaThread "Daemon worker" [_thread_in_vm, id=8740, stack(0x000000001c8e0000,0x000000001c9e0000)]
  0x000000001a097000 JavaThread "Cancel handler" [_thread_blocked, id=7796, stack(0x000000001c7e0000,0x000000001c8e0000)]
  0x000000001a102000 JavaThread "Handler for socket connection from /127.0.0.1:50830 to /127.0.0.1:50831" [_thread_in_native, id=11448, stack(0x000000001c4e0000,0x000000001c5e0000)]
  0x000000001a0fe000 JavaThread "Daemon" [_thread_blocked, id=9820, stack(0x000000001c3e0000,0x000000001c4e0000)]
  0x000000001a7b9800 JavaThread "Daemon periodic checks" [_thread_blocked, id=13620, stack(0x000000001c2e0000,0x000000001c3e0000)]
  0x000000001a1ad800 JavaThread "Incoming local TCP Connector on port 50830" [_thread_in_native, id=12964, stack(0x000000001ba30000,0x000000001bb30000)]
  0x000000001adda000 JavaThread "Daemon health stats" [_thread_blocked, id=8784, stack(0x000000001bb60000,0x000000001bc60000)]
  0x000000001845b000 JavaThread "Service Thread" daemon [_thread_blocked, id=9724, stack(0x0000000019090000,0x0000000019190000)]
  0x00000000183d4800 JavaThread "C1 CompilerThread3" daemon [_thread_blocked, id=5860, stack(0x0000000018f90000,0x0000000019090000)]
  0x00000000183cd800 JavaThread "C2 CompilerThread2" daemon [_thread_in_native, id=15220, stack(0x0000000018e90000,0x0000000018f90000)]
  0x00000000183c9000 JavaThread "C2 CompilerThread1" daemon [_thread_in_native, id=2452, stack(0x0000000018d90000,0x0000000018e90000)]
=>0x00000000183c5000 JavaThread "C2 CompilerThread0" daemon [_thread_in_native, id=7712, stack(0x0000000018c90000,0x0000000018d90000)]
  0x00000000183c0000 JavaThread "Attach Listener" daemon [_thread_blocked, id=868, stack(0x0000000018b90000,0x0000000018c90000)]
  0x00000000183bf000 JavaThread "Signal Dispatcher" daemon [_thread_blocked, id=9188, stack(0x0000000018a90000,0x0000000018b90000)]
  0x00000000183b1000 JavaThread "Finalizer" daemon [_thread_blocked, id=2252, stack(0x0000000018890000,0x0000000018990000)]
  0x00000000183b0800 JavaThread "Reference Handler" daemon [_thread_blocked, id=11924, stack(0x0000000018790000,0x0000000018890000)]
  0x000000000270e800 JavaThread "main" [_thread_blocked, id=15116, stack(0x0000000002580000,0x0000000002680000)]

Other Threads:
  0x00000000165c8000 VMThread [stack: 0x0000000018290000,0x0000000018390000] [id=3796]
  0x000000001841e000 WatcherThread [stack: 0x0000000019190000,0x0000000019290000] [id=14268]

VM state:not at safepoint (normal execution)

VM Mutex/Monitor currently owned by a thread: None

heap address: 0x00000000a0000000, size: 1536 MB, Compressed Oops mode: 32-bit
Narrow klass base: 0x0000000000000000, Narrow klass shift: 3
Compressed class space size: 1073741824 Address: 0x0000000100000000

Heap:
 PSYoungGen      total 232960K, used 195965K [0x00000000e0000000, 0x00000000ef980000, 0x0000000100000000)
  eden space 215552K, 90% used [0x00000000e0000000,0x00000000ebf5f780,0x00000000ed280000)
  from space 17408K, 0% used [0x00000000ee280000,0x00000000ee280000,0x00000000ef380000)
  to   space 16384K, 0% used [0x00000000ed280000,0x00000000ed280000,0x00000000ee280000)
 ParOldGen       total 66048K, used 22819K [0x00000000a0000000, 0x00000000a4080000, 0x00000000e0000000)
  object space 66048K, 34% used [0x00000000a0000000,0x00000000a1648c70,0x00000000a4080000)
 Metaspace       used 49778K, capacity 51366K, committed 51496K, reserved 1093632K
  class space    used 6746K, capacity 7145K, committed 7208K, reserved 1048576K

Card table byte_map: [0x0000000011bd0000,0x0000000011ee0000] byte_map_base: 0x00000000116d0000

Marking Bits: (ParMarkBitMap*) 0x00000000662bf030
 Begin Bits: [0x00000000128e0000, 0x00000000140e0000)
 End Bits:   [0x00000000140e0000, 0x00000000158e0000)

Polling page: 0x0000000000d20000

CodeCache: size=245760Kb used=13901Kb max_used=13905Kb free=231858Kb
 bounds [0x0000000002810000, 0x00000000035b0000, 0x0000000011810000]
 total_blobs=4818 nmethods=4051 adapters=680
 compilation: enabled

Compilation events (10 events):
Event: 7.141 Thread 0x00000000183d4800 nmethod 4487 0x00000000035ae910 code [0x00000000035aea60, 0x00000000035aeb70]
Event: 7.150 Thread 0x00000000183d4800 4488       3       kotlin.reflect.jvm.internal.pcollections.IntTree::get (60 bytes)
Event: 7.150 Thread 0x00000000183d4800 nmethod 4488 0x00000000035ae290 code [0x00000000035ae420, 0x00000000035ae7f8]
Event: 7.152 Thread 0x00000000183d4800 4489       3       kotlin.text.StringsKt__StringsJVMKt::startsWith$default (15 bytes)
Event: 7.152 Thread 0x00000000183d4800 nmethod 4489 0x00000000035aded0 code [0x00000000035ae040, 0x00000000035ae1e8]
Event: 7.152 Thread 0x00000000183d4800 4490       3       kotlin.text.StringsKt__StringsJVMKt::startsWith (36 bytes)
Event: 7.152 Thread 0x00000000183d4800 nmethod 4490 0x00000000035ad490 code [0x00000000035ad640, 0x00000000035adc58]
Event: 7.152 Thread 0x00000000183d4800 4491       1       kotlin.reflect.jvm.internal.pcollections.ConsPStack::size (5 bytes)
Event: 7.152 Thread 0x00000000183d4800 nmethod 4491 0x00000000035ad1d0 code [0x00000000035ad320, 0x00000000035ad430]
Event: 7.189 Thread 0x00000000183c5000 4492       4       sun.net.www.protocol.file.Handler::hostsEqual (69 bytes)

GC Heap History (10 events):
Event: 3.811 GC heap before
{Heap before GC invocations=4 (full 0):
 PSYoungGen      total 70656K, used 63531K [0x00000000e0000000, 0x00000000e8a00000, 0x0000000100000000)
  eden space 65536K, 89% used [0x00000000e0000000,0x00000000e390ed28,0x00000000e4000000)
  from space 5120K, 99% used [0x00000000e4000000,0x00000000e44fc030,0x00000000e4500000)
  to   space 5120K, 0% used [0x00000000e8500000,0x00000000e8500000,0x00000000e8a00000)
 ParOldGen       total 86016K, used 4993K [0x00000000a0000000, 0x00000000a5400000, 0x00000000e0000000)
  object space 86016K, 5% used [0x00000000a0000000,0x00000000a04e0668,0x00000000a5400000)
 Metaspace       used 20584K, capacity 21148K, committed 21296K, reserved 1067008K
  class space    used 2982K, capacity 3161K, committed 3200K, reserved 1048576K
Event: 3.822 GC heap after
Heap after GC invocations=4 (full 0):
 PSYoungGen      total 136192K, used 5116K [0x00000000e0000000, 0x00000000e8a00000, 0x0000000100000000)
  eden space 131072K, 0% used [0x00000000e0000000,0x00000000e0000000,0x00000000e8000000)
  from space 5120K, 99% used [0x00000000e8500000,0x00000000e89ff0d8,0x00000000e8a00000)
  to   space 5120K, 0% used [0x00000000e8000000,0x00000000e8000000,0x00000000e8500000)
 ParOldGen       total 86016K, used 12625K [0x00000000a0000000, 0x00000000a5400000, 0x00000000e0000000)
  object space 86016K, 14% used [0x00000000a0000000,0x00000000a0c54770,0x00000000a5400000)
 Metaspace       used 20584K, capacity 21148K, committed 21296K, reserved 1067008K
  class space    used 2982K, capacity 3161K, committed 3200K, reserved 1048576K
}
Event: 3.822 GC heap before
{Heap before GC invocations=5 (full 1):
 PSYoungGen      total 136192K, used 5116K [0x00000000e0000000, 0x00000000e8a00000, 0x0000000100000000)
  eden space 131072K, 0% used [0x00000000e0000000,0x00000000e0000000,0x00000000e8000000)
  from space 5120K, 99% used [0x00000000e8500000,0x00000000e89ff0d8,0x00000000e8a00000)
  to   space 5120K, 0% used [0x00000000e8000000,0x00000000e8000000,0x00000000e8500000)
 ParOldGen       total 86016K, used 12625K [0x00000000a0000000, 0x00000000a5400000, 0x00000000e0000000)
  object space 86016K, 14% used [0x00000000a0000000,0x00000000a0c54770,0x00000000a5400000)
 Metaspace       used 20584K, capacity 21148K, committed 21296K, reserved 1067008K
  class space    used 2982K, capacity 3161K, committed 3200K, reserved 1048576K
Event: 3.851 GC heap after
Heap after GC invocations=5 (full 1):
 PSYoungGen      total 136192K, used 0K [0x00000000e0000000, 0x00000000e8a00000, 0x0000000100000000)
  eden space 131072K, 0% used [0x00000000e0000000,0x00000000e0000000,0x00000000e8000000)
  from space 5120K, 0% used [0x00000000e8500000,0x00000000e8500000,0x00000000e8a00000)
  to   space 5120K, 0% used [0x00000000e8000000,0x00000000e8000000,0x00000000e8500000)
 ParOldGen       total 66048K, used 12410K [0x00000000a0000000, 0x00000000a4080000, 0x00000000e0000000)
  object space 66048K, 18% used [0x00000000a0000000,0x00000000a0c1e8a8,0x00000000a4080000)
 Metaspace       used 20584K, capacity 21148K, committed 21296K, reserved 1067008K
  class space    used 2982K, capacity 3161K, committed 3200K, reserved 1048576K
}
Event: 5.045 GC heap before
{Heap before GC invocations=6 (full 1):
 PSYoungGen      total 136192K, used 131072K [0x00000000e0000000, 0x00000000e8a00000, 0x0000000100000000)
  eden space 131072K, 100% used [0x00000000e0000000,0x00000000e8000000,0x00000000e8000000)
  from space 5120K, 0% used [0x00000000e8500000,0x00000000e8500000,0x00000000e8a00000)
  to   space 5120K, 0% used [0x00000000e8000000,0x00000000e8000000,0x00000000e8500000)
 ParOldGen       total 66048K, used 12410K [0x00000000a0000000, 0x00000000a4080000, 0x00000000e0000000)
  object space 66048K, 18% used [0x00000000a0000000,0x00000000a0c1e8a8,0x00000000a4080000)
 Metaspace       used 32266K, capacity 32994K, committed 33152K, reserved 1077248K
  class space    used 4392K, capacity 4627K, committed 4736K, reserved 1048576K
Event: 5.057 GC heap after
Heap after GC invocations=6 (full 1):
 PSYoungGen      total 136192K, used 5120K [0x00000000e0000000, 0x00000000ef380000, 0x0000000100000000)
  eden space 131072K, 0% used [0x00000000e0000000,0x00000000e0000000,0x00000000e8000000)
  from space 5120K, 100% used [0x00000000e8000000,0x00000000e8500000,0x00000000e8500000)
  to   space 17408K, 0% used [0x00000000ee280000,0x00000000ee280000,0x00000000ef380000)
 ParOldGen       total 66048K, used 20746K [0x00000000a0000000, 0x00000000a4080000, 0x00000000e0000000)
  object space 66048K, 31% used [0x00000000a0000000,0x00000000a1442b18,0x00000000a4080000)
 Metaspace       used 32266K, capacity 32994K, committed 33152K, reserved 1077248K
  class space    used 4392K, capacity 4627K, committed 4736K, reserved 1048576K
}
Event: 5.424 GC heap before
{Heap before GC invocations=7 (full 1):
 PSYoungGen      total 136192K, used 59481K [0x00000000e0000000, 0x00000000ef380000, 0x0000000100000000)
  eden space 131072K, 41% used [0x00000000e0000000,0x00000000e3516550,0x00000000e8000000)
  from space 5120K, 100% used [0x00000000e8000000,0x00000000e8500000,0x00000000e8500000)
  to   space 17408K, 0% used [0x00000000ee280000,0x00000000ee280000,0x00000000ef380000)
 ParOldGen       total 66048K, used 20746K [0x00000000a0000000, 0x00000000a4080000, 0x00000000e0000000)
  object space 66048K, 31% used [0x00000000a0000000,0x00000000a1442b18,0x00000000a4080000)
 Metaspace       used 34664K, capacity 35442K, committed 35496K, reserved 1079296K
  class space    used 4794K, capacity 5008K, committed 5032K, reserved 1048576K
Event: 5.436 GC heap after
Heap after GC invocations=7 (full 1):
 PSYoungGen      total 232960K, used 9906K [0x00000000e0000000, 0x00000000ef980000, 0x0000000100000000)
  eden space 215552K, 0% used [0x00000000e0000000,0x00000000e0000000,0x00000000ed280000)
  from space 17408K, 56% used [0x00000000ee280000,0x00000000eec2c9b8,0x00000000ef380000)
  to   space 16384K, 0% used [0x00000000ed280000,0x00000000ed280000,0x00000000ee280000)
 ParOldGen       total 66048K, used 20754K [0x00000000a0000000, 0x00000000a4080000, 0x00000000e0000000)
  object space 66048K, 31% used [0x00000000a0000000,0x00000000a1444b18,0x00000000a4080000)
 Metaspace       used 34664K, capacity 35442K, committed 35496K, reserved 1079296K
  class space    used 4794K, capacity 5008K, committed 5032K, reserved 1048576K
}
Event: 5.436 GC heap before
{Heap before GC invocations=8 (full 2):
 PSYoungGen      total 232960K, used 9906K [0x00000000e0000000, 0x00000000ef980000, 0x0000000100000000)
  eden space 215552K, 0% used [0x00000000e0000000,0x00000000e0000000,0x00000000ed280000)
  from space 17408K, 56% used [0x00000000ee280000,0x00000000eec2c9b8,0x00000000ef380000)
  to   space 16384K, 0% used [0x00000000ed280000,0x00000000ed280000,0x00000000ee280000)
 ParOldGen       total 66048K, used 20754K [0x00000000a0000000, 0x00000000a4080000, 0x00000000e0000000)
  object space 66048K, 31% used [0x00000000a0000000,0x00000000a1444b18,0x00000000a4080000)
 Metaspace       used 34664K, capacity 35442K, committed 35496K, reserved 1079296K
  class space    used 4794K, capacity 5008K, committed 5032K, reserved 1048576K
Event: 5.499 GC heap after
Heap after GC invocations=8 (full 2):
 PSYoungGen      total 232960K, used 0K [0x00000000e0000000, 0x00000000ef980000, 0x0000000100000000)
  eden space 215552K, 0% used [0x00000000e0000000,0x00000000e0000000,0x00000000ed280000)
  from space 17408K, 0% used [0x00000000ee280000,0x00000000ee280000,0x00000000ef380000)
  to   space 16384K, 0% used [0x00000000ed280000,0x00000000ed280000,0x00000000ee280000)
 ParOldGen       total 66048K, used 22819K [0x00000000a0000000, 0x00000000a4080000, 0x00000000e0000000)
  object space 66048K, 34% used [0x00000000a0000000,0x00000000a1648c70,0x00000000a4080000)
 Metaspace       used 34664K, capacity 35442K, committed 35496K, reserved 1079296K
  class space    used 4794K, capacity 5008K, committed 5032K, reserved 1048576K
}

Deoptimization events (10 events):
Event: 6.374 Thread 0x000000001a702800 Uncommon trap: reason=unstable_if action=reinterpret pc=0x000000000334222c method=java.security.CodeSource.matchCerts(Ljava/security/CodeSource;Z)Z @ 11
Event: 6.375 Thread 0x000000001a702800 Uncommon trap: reason=unstable_if action=reinterpret pc=0x0000000002d03454 method=java.util.jar.JarFile.maybeInstantiateVerifier()V @ 75
Event: 6.390 Thread 0x000000001a702800 Uncommon trap: reason=unstable_if action=reinterpret pc=0x00000000033963d0 method=java.util.LinkedHashMap.get(Ljava/lang/Object;)Ljava/lang/Object; @ 20
Event: 6.438 Thread 0x000000001a702800 Uncommon trap: reason=unstable_if action=reinterpret pc=0x000000000311f228 method=org.objectweb.asm.ByteVector.putUTF8(Ljava/lang/String;)Lorg/objectweb/asm/ByteVector; @ 93
Event: 6.513 Thread 0x000000001a702800 Uncommon trap: reason=unstable_if action=reinterpret pc=0x000000000303f0a8 method=org.objectweb.asm.ByteVector.putUTF8(Ljava/lang/String;)Lorg/objectweb/asm/ByteVector; @ 93
Event: 6.685 Thread 0x000000001a702800 Uncommon trap: reason=unstable_if action=reinterpret pc=0x0000000002e00e3c method=org.gradle.internal.reflect.PropertyAccessorType.of(Ljava/lang/reflect/Method;)Lorg/gradle/internal/reflect/PropertyAccessorType; @ 56
Event: 6.736 Thread 0x000000001a702800 Uncommon trap: reason=unstable_if action=reinterpret pc=0x0000000002e549cc method=groovy.lang.MetaClassImpl$1MOPIter.methodNameAction(Ljava/lang/Class;Lorg/codehaus/groovy/runtime/metaclass/MetaMethodIndex$Entry;)V @ 182
Event: 6.852 Thread 0x000000001a702800 Uncommon trap: reason=unstable_if action=reinterpret pc=0x000000000330a578 method=org.codehaus.groovy.runtime.metaclass.MetaMethodIndex.addMethodToList(Ljava/lang/Object;Lgroovy/lang/MetaMethod;)Ljava/lang/Object; @ 256
Event: 6.925 Thread 0x000000001a702800 Uncommon trap: reason=unstable_if action=reinterpret pc=0x00000000031b5498 method=org.gradle.internal.instantiation.AbstractClassGenerator$InjectionAnnotationValidator.validateMethod(Ljava/lang/reflect/Method;Lorg/gradle/internal/reflect/PropertyAccessorT
Event: 7.156 Thread 0x000000001a702800 Uncommon trap: reason=unstable_if action=reinterpret pc=0x0000000002dec924 method=java.lang.String.lastIndexOf([CII[CIII)I @ 17

Classes redefined (0 events):
No events

Internal exceptions (10 events):
Event: 6.871 Thread 0x000000001a702800 Exception <a 'java/lang/ClassNotFoundException': build_erf5u3a0lo1k6jmobkrpqa0a9$_run_closure2BeanInfo> (0x00000000ea73a500) thrown at [C:\src\AOSP-openjdk-git\hotspot\src\share\vm\classfile\systemDictionary.cpp, line 210]
Event: 6.871 Thread 0x000000001a702800 Exception <a 'java/lang/ClassNotFoundException': build_erf5u3a0lo1k6jmobkrpqa0a9$_run_closure2Customizer> (0x00000000ea74a430) thrown at [C:\src\AOSP-openjdk-git\hotspot\src\share\vm\classfile\systemDictionary.cpp, line 210]
Event: 7.054 Thread 0x000000001a702800 Exception <a 'java/lang/ClassNotFoundException': org/gradle/api/plugins/internal/DefaultBasePluginConventionBeanInfo> (0x00000000eaf9a0d0) thrown at [C:\src\AOSP-openjdk-git\hotspot\src\share\vm\classfile\systemDictionary.cpp, line 210]
Event: 7.054 Thread 0x000000001a702800 Exception <a 'java/lang/ClassNotFoundException': org/gradle/api/plugins/BasePluginConventionBeanInfo> (0x00000000eafbfd30) thrown at [C:\src\AOSP-openjdk-git\hotspot\src\share\vm\classfile\systemDictionary.cpp, line 210]
Event: 7.056 Thread 0x000000001a702800 Exception <a 'java/lang/ClassNotFoundException': org/gradle/api/plugins/BasePluginConventionCustomizer> (0x00000000eafe62e8) thrown at [C:\src\AOSP-openjdk-git\hotspot\src\share\vm\classfile\systemDictionary.cpp, line 210]
Event: 7.057 Thread 0x000000001a702800 Exception <a 'java/lang/ClassNotFoundException': org/gradle/api/plugins/internal/DefaultBasePluginConventionCustomizer> (0x00000000eb025c20) thrown at [C:\src\AOSP-openjdk-git\hotspot\src\share\vm\classfile\systemDictionary.cpp, line 210]
Event: 7.064 Thread 0x000000001a702800 Exception <a 'java/lang/NoSuchMethodError': java.lang.Object.lambda$comparing$77a9974f$1(Ljava/util/function/Function;Ljava/lang/Object;Ljava/lang/Object;)I> (0x00000000eb09d390) thrown at [C:\src\AOSP-openjdk-git\hotspot\src\share\vm\interpreter\linkReso
Event: 7.065 Thread 0x000000001a702800 Exception <a 'java/lang/NoSuchMethodError': java.lang.Object.lambda$comparingInt$7b0bb60$1(Ljava/util/function/ToIntFunction;Ljava/lang/Object;Ljava/lang/Object;)I> (0x00000000eb0a78c8) thrown at [C:\src\AOSP-openjdk-git\hotspot\src\share\vm\interpreter\l
Event: 7.066 Thread 0x000000001a702800 Exception <a 'java/lang/NoSuchMethodError': java.lang.Object.lambda$thenComparing$36697e65$1(Ljava/util/Comparator;Ljava/lang/Object;Ljava/lang/Object;)I> (0x00000000eb0b0450) thrown at [C:\src\AOSP-openjdk-git\hotspot\src\share\vm\interpreter\linkResolve
Event: 7.068 Thread 0x000000001a702800 Exception <a 'java/lang/NoSuchMethodError': java.lang.Object.lambda$comparing$ea9a8b3a$1(Ljava/util/Comparator;Ljava/util/function/Function;Ljava/lang/Object;Ljava/lang/Object;)I> (0x00000000eb0bde38) thrown at [C:\src\AOSP-openjdk-git\hotspot\src\share\v

Events (10 events):
Event: 7.197 loading class kotlin/reflect/jvm/internal/impl/util/ModuleVisibilityHelper
Event: 7.197 loading class kotlin/reflect/jvm/internal/impl/util/ModuleVisibilityHelper done
Event: 7.198 loading class kotlin/reflect/jvm/internal/impl/descriptors/Visibilities$10
Event: 7.198 loading class kotlin/reflect/jvm/internal/impl/descriptors/Visibilities$10 done
Event: 7.198 loading class kotlin/reflect/jvm/internal/impl/descriptors/Visibilities$11
Event: 7.198 loading class kotlin/reflect/jvm/internal/impl/descriptors/Visibilities$11 done
Event: 7.198 loading class kotlin/reflect/jvm/internal/impl/descriptors/Visibilities$12
Event: 7.198 loading class kotlin/reflect/jvm/internal/impl/descriptors/Visibilities$12 done
Event: 7.199 loading class kotlin/reflect/jvm/internal/impl/util/ModuleVisibilityHelper$EMPTY
Event: 7.199 loading class kotlin/reflect/jvm/internal/impl/util/ModuleVisibilityHelper$EMPTY done


Dynamic libraries:
0x00007ff7a6bb0000 - 0x00007ff7a6be1000 	C:\Program Files\Android\Android Studio\jre\bin\java.exe
0x00007fff141c0000 - 0x00007fff143b0000 	C:\WINDOWS\SYSTEM32\ntdll.dll
0x00007fff13b50000 - 0x00007fff13c02000 	C:\WINDOWS\System32\KERNEL32.DLL
0x00007fff11550000 - 0x00007fff117f4000 	C:\WINDOWS\System32\KERNELBASE.dll
0x00007fff12640000 - 0x00007fff126e3000 	C:\WINDOWS\System32\ADVAPI32.dll
0x00007fff13d90000 - 0x00007fff13e2e000 	C:\WINDOWS\System32\msvcrt.dll
0x00007fff13860000 - 0x00007fff138f7000 	C:\WINDOWS\System32\sechost.dll
0x00007fff13c70000 - 0x00007fff13d90000 	C:\WINDOWS\System32\RPCRT4.dll
0x00007fff136b0000 - 0x00007fff13844000 	C:\WINDOWS\System32\USER32.dll
0x00007fff113f0000 - 0x00007fff11411000 	C:\WINDOWS\System32\win32u.dll
0x00007fff140d0000 - 0x00007fff140f6000 	C:\WINDOWS\System32\GDI32.dll
0x00007fff11250000 - 0x00007fff113e4000 	C:\WINDOWS\System32\gdi32full.dll
0x00007fff114b0000 - 0x00007fff1154e000 	C:\WINDOWS\System32\msvcp_win.dll
0x00007fff11150000 - 0x00007fff1124a000 	C:\WINDOWS\System32\ucrtbase.dll
0x00007ffeff8f0000 - 0x00007ffeffb74000 	C:\WINDOWS\WinSxS\amd64_microsoft.windows.common-controls_6595b64144ccf1df_6.0.18362.836_none_e6c4b943130f18ed\COMCTL32.dll
0x00007fff127d0000 - 0x00007fff12b06000 	C:\WINDOWS\System32\combase.dll
0x00007fff118d0000 - 0x00007fff11950000 	C:\WINDOWS\System32\bcryptPrimitives.dll
0x00007fff13680000 - 0x00007fff136ae000 	C:\WINDOWS\System32\IMM32.DLL
0x0000000065a10000 - 0x0000000065ae2000 	C:\Program Files\Android\Android Studio\jre\jre\bin\msvcr100.dll
0x0000000065af0000 - 0x000000006633b000 	C:\Program Files\Android\Android Studio\jre\jre\bin\server\jvm.dll
0x00007fff127c0000 - 0x00007fff127c8000 	C:\WINDOWS\System32\PSAPI.DLL
0x00007ffefc030000 - 0x00007ffefc039000 	C:\WINDOWS\SYSTEM32\WSOCK32.dll
0x00007fff08750000 - 0x00007fff0875a000 	C:\WINDOWS\SYSTEM32\VERSION.dll
0x00007fff0ed10000 - 0x00007fff0ed34000 	C:\WINDOWS\SYSTEM32\WINMM.dll
0x00007fff13900000 - 0x00007fff1396f000 	C:\WINDOWS\System32\WS2_32.dll
0x00007fff0e840000 - 0x00007fff0e86d000 	C:\WINDOWS\SYSTEM32\WINMMBASE.dll
0x00007fff11950000 - 0x00007fff1199a000 	C:\WINDOWS\System32\cfgmgr32.dll
0x00007fff0ef30000 - 0x00007fff0ef3f000 	C:\Program Files\Android\Android Studio\jre\jre\bin\verify.dll
0x00007fff0af50000 - 0x00007fff0af79000 	C:\Program Files\Android\Android Studio\jre\jre\bin\java.dll
0x00007fff0d270000 - 0x00007fff0d286000 	C:\Program Files\Android\Android Studio\jre\jre\bin\zip.dll
0x00007fff12f80000 - 0x00007fff13664000 	C:\WINDOWS\System32\SHELL32.dll
0x00007fff124a0000 - 0x00007fff12549000 	C:\WINDOWS\System32\shcore.dll
0x00007fff119a0000 - 0x00007fff1211e000 	C:\WINDOWS\System32\windows.storage.dll
0x00007fff110d0000 - 0x00007fff110f3000 	C:\WINDOWS\System32\profapi.dll
0x00007fff11100000 - 0x00007fff1114a000 	C:\WINDOWS\System32\powrprof.dll
0x00007fff11080000 - 0x00007fff11090000 	C:\WINDOWS\System32\UMPDC.dll
0x00007fff13af0000 - 0x00007fff13b42000 	C:\WINDOWS\System32\shlwapi.dll
0x00007fff11090000 - 0x00007fff110a1000 	C:\WINDOWS\System32\kernel.appcore.dll
0x00007fff11800000 - 0x00007fff11817000 	C:\WINDOWS\System32\cryptsp.dll
0x00007fff0cf40000 - 0x00007fff0cf5a000 	C:\Program Files\Android\Android Studio\jre\jre\bin\net.dll
0x00007fff10890000 - 0x00007fff108f7000 	C:\WINDOWS\system32\mswsock.dll
0x00007fff0bc30000 - 0x00007fff0bc43000 	C:\Program Files\Android\Android Studio\jre\jre\bin\nio.dll
0x00007fff0af00000 - 0x00007fff0af26000 	C:\Users\SHRIRAM G\.gradle\native\29\windows-amd64\native-platform.dll
0x00007fff0d600000 - 0x00007fff0d60d000 	C:\Program Files\Android\Android Studio\jre\jre\bin\management.dll
0x00007fff10400000 - 0x00007fff10433000 	C:\WINDOWS\system32\rsaenh.dll
0x00007fff11420000 - 0x00007fff11446000 	C:\WINDOWS\System32\bcrypt.dll
0x00007fff10fa0000 - 0x00007fff10fc5000 	C:\WINDOWS\SYSTEM32\USERENV.dll
0x00007fff10a60000 - 0x00007fff10a6c000 	C:\WINDOWS\SYSTEM32\CRYPTBASE.dll
0x00007fff105a0000 - 0x00007fff105da000 	C:\WINDOWS\SYSTEM32\IPHLPAPI.DLL
0x00007fff13850000 - 0x00007fff13858000 	C:\WINDOWS\System32\NSI.dll
0x00007fff043d0000 - 0x00007fff043e6000 	C:\WINDOWS\SYSTEM32\dhcpcsvc6.DLL
0x00007fff088c0000 - 0x00007fff088dc000 	C:\WINDOWS\SYSTEM32\dhcpcsvc.DLL
0x00007fff105e0000 - 0x00007fff106ab000 	C:\WINDOWS\SYSTEM32\DNSAPI.dll

VM Arguments:
jvm_args: -Xmx1536M -Dfile.encoding=windows-1252 -Duser.country=IN -Duser.language=en -Duser.variant 
java_command: org.gradle.launcher.daemon.bootstrap.GradleDaemon 5.4.1
java_class_path (initial): C:\Users\SHRIRAM G\.gradle\wrapper\dists\gradle-5.4.1-all\3221gyojl5jsh0helicew7rwx\gradle-5.4.1\lib\gradle-launcher-5.4.1.jar
Launcher Type: SUN_STANDARD

Environment Variables:
PATH=C:\Program Files\Java\jdk1.8.0_241\bin;C:\Users\SHRIRAM G\Anaconda3;C:\Users\SHRIRAM G\Anaconda3\Library\mingw-w64\bin;C:\Users\SHRIRAM G\Anaconda3\Library\usr\bin;C:\Users\SHRIRAM G\Anaconda3\Library\bin;C:\Users\SHRIRAM G\Anaconda3\Scripts;C:\Program Files (x86)\Google\Chrome\Application;C:\oraclexe\app\oracle\product\10.2.0\server\bin;C:\Program Files (x86)\Intel\iCLS Client\;C:\Program Files\Intel\iCLS Client\;C:\Windows\system32;C:\Windows;C:\Windows\System32\Wbem;C:\Windows\System32\WindowsPowerShell\v1.0\;C:\Program Files (x86)\Intel\Intel(R) Management Engine Components\DAL;C:\Program Files\Intel\Intel(R) Management Engine Components\DAL;C:\Program Files (x86)\Intel\Intel(R) Management Engine Components\IPT;C:\Program Files\Intel\Intel(R) Management Engine Components\IPT;C:\Program Files (x86)\NVIDIA Corporation\PhysX\Common;C:\WINDOWS\system32;C:\WINDOWS;C:\WINDOWS\System32\Wbem;C:\WINDOWS\System32\WindowsPowerShell\v1.0\;C:\WINDOWS\System32\OpenSSH\;C:\Program Files\Intel\WiFi\bin\;C:\Program Files\Common Files\Intel\WirelessCommon\;C:\x
USERNAME=SHRIRAM G
OS=Windows_NT
PROCESSOR_IDENTIFIER=Intel64 Family 6 Model 158 Stepping 9, GenuineIntel



---------------  S Y S T E M  ---------------

OS: Windows 10.0 , 64 bit Build 18362 (10.0.18362.778)

CPU:total 8 (initial active 8) (4 cores per cpu, 2 threads per core) family 6 model 158 stepping 9, cmov, cx8, fxsr, mmx, sse, sse2, sse3, ssse3, sse4.1, sse4.2, popcnt, avx, avx2, aes, clmul, erms, 3dnowpref, lzcnt, ht, tsc, tscinvbit, bmi1, bmi2, adx

Memory: 4k page, physical 8247252k(1414120k free), swap 10194900k(5316k free)

vm_info: OpenJDK 64-Bit Server VM (25.242-b01) for windows-amd64 JRE (1.8.0_242-release-1644-b01), built by "builder" with MS VC++ 10.0 (VS2010)

time: Thu Jun 11 18:20:48 2020
timezone: India Standard Time
elapsed time: 7 seconds (0d 0h 0m 7s)

